#
# A fatal error has been detected by the Java Runtime Environment:
#
#  EXCEPTION_ACCESS_VIOLATION (0xc0000005) at pc=0x00007ffebbd4853e, pid=14564, tid=3620
#
# JRE version: OpenJDK Runtime Environment Temurin-21.0.3+9 (21.0.3+9) (build 21.0.3+9-LTS)
# Java VM: OpenJDK 64-Bit Server VM Temurin-21.0.3+9 (21.0.3+9-LTS, mixed mode, emulated-client, sharing, tiered, compressed oops, compressed class ptrs, g1 gc, windows-amd64)
# Problematic frame:
# V  [jvm.dll+0x31853e]
#
# No core dump will be written. Minidumps are not enabled by default on client versions of Windows
#
# If you would like to submit a bug report, please visit:
#   https://github.com/adoptium/adoptium-support/issues
#

---------------  S U M M A R Y ------------

Command Line: -XX:+ShowCodeDetailsInExceptionMessages -agentlib:jdwp=transport=dt_socket,suspend=y,address=localhost:51256 -Dcom.sun.management.jmxremote -Dcom.sun.management.jmxremote.port=51255 -Dcom.sun.management.jmxremote.authenticate=false -Dcom.sun.management.jmxremote.ssl=false -Djava.rmi.server.hostname=localhost -Dspring.jmx.enabled=true -Dmanagement.endpoints.jmx.exposure.include=* -Dspring.application.admin.enabled=true -XX:TieredStopAtLevel=1 -Dspring.boot.project.name=personal_dev_9710_momose_kazuki -javaagent:C:\pleiades\2024-06\eclipse\configuration\org.eclipse.osgi\251\0\.cp\lib\javaagent-shaded.jar -Dfile.encoding=UTF-8 -Dstdout.encoding=UTF-8 -Dstderr.encoding=UTF-8 com.example.demo.PersonalDev9710MomoseKazukiApplication --spring.output.ansi.enabled=always

Host: Intel(R) Core(TM) i5-10210U CPU @ 1.60GHz, 8 cores, 15G,  Windows 11 , 64 bit Build 26100 (10.0.26100.3912)
Time: Wed May 21 09:56:46 2025  Windows 11 , 64 bit Build 26100 (10.0.26100.3912) elapsed time: 224.878483 seconds (0d 0h 3m 44s)

---------------  T H R E A D  ---------------

Current thread (0x0000015e1241e170):  WorkerThread "GC Thread#7"    [id=3620, stack(0x0000004756800000,0x0000004756900000) (1024K)]

Stack: [0x0000004756800000,0x0000004756900000],  sp=0x00000047568fe0c0,  free space=1016k
Native frames: (J=compiled Java code, j=interpreted, Vv=VM code, C=native code)
V  [jvm.dll+0x31853e]
V  [jvm.dll+0x33e229]
V  [jvm.dll+0x33e192]
V  [jvm.dll+0x312f5b]
V  [jvm.dll+0x3129ad]
V  [jvm.dll+0x3eace5]
V  [jvm.dll+0x84c2f6]
V  [jvm.dll+0x855c91]
V  [jvm.dll+0x36310a]
V  [jvm.dll+0x3631c4]
V  [jvm.dll+0x342b33]
V  [jvm.dll+0x8cf697]
V  [jvm.dll+0x84bf8b]
V  [jvm.dll+0x6c6dcd]
C  [ucrtbase.dll+0x37b0]
C  [KERNEL32.DLL+0x2e8d7]
C  [ntdll.dll+0x9c5dc]

JavaThread 0x0000015e1303e4f0 (nid = 4572) was being processed
Java frames: (J=compiled Java code, j=interpreted, Vv=VM code)
j  java.lang.invoke.DirectMethodHandle$Holder.invokeVirtual(Ljava/lang/Object;Ljava/lang/Object;)Ljava/lang/Object;+10 java.base@21.0.3
J 2828 c1 java.lang.invoke.LambdaForm$MH+0x0000015dce001c00.invoke(Ljava/lang/Object;Ljava/lang/Object;)Ljava/lang/Object; java.base@21.0.3 (35 bytes) @ 0x0000015dc1772e6c [0x0000015dc1772d60+0x000000000000010c]
J 4602 c1 jdk.internal.reflect.DirectMethodHandleAccessor.invoke(Ljava/lang/Object;[Ljava/lang/Object;)Ljava/lang/Object; java.base@21.0.3 (92 bytes) @ 0x0000015dc1a5ee3c [0x0000015dc1a5eac0+0x000000000000037c]
J 4617 c1 java.lang.reflect.Method.invoke(Ljava/lang/Object;[Ljava/lang/Object;)Ljava/lang/Object; java.base@21.0.3 (108 bytes) @ 0x0000015dc1a63974 [0x0000015dc1a63780+0x00000000000001f4]
j  org.springframework.web.method.support.InvocableHandlerMethod.doInvoke([Ljava/lang/Object;)Ljava/lang/Object;+55
j  org.springframework.web.method.support.InvocableHandlerMethod.invokeForRequest(Lorg/springframework/web/context/request/NativeWebRequest;Lorg/springframework/web/method/support/ModelAndViewContainer;[Ljava/lang/Object;)Ljava/lang/Object;+82
j  org.springframework.web.servlet.mvc.method.annotation.ServletInvocableHandlerMethod.invokeAndHandle(Lorg/springframework/web/context/request/ServletWebRequest;Lorg/springframework/web/method/support/ModelAndViewContainer;[Ljava/lang/Object;)V+4
j  org.springframework.web.servlet.mvc.method.annotation.RequestMappingHandlerAdapter.invokeHandlerMethod(Ljakarta/servlet/http/HttpServletRequest;Ljakarta/servlet/http/HttpServletResponse;Lorg/springframework/web/method/HandlerMethod;)Lorg/springframework/web/servlet/ModelAndView;+309
j  org.springframework.web.servlet.mvc.method.annotation.RequestMappingHandlerAdapter.handleInternal(Ljakarta/servlet/http/HttpServletRequest;Ljakarta/servlet/http/HttpServletResponse;Lorg/springframework/web/method/HandlerMethod;)Lorg/springframework/web/servlet/ModelAndView;+81
j  org.springframework.web.servlet.mvc.method.AbstractHandlerMethodAdapter.handle(Ljakarta/servlet/http/HttpServletRequest;Ljakarta/servlet/http/HttpServletResponse;Ljava/lang/Object;)Lorg/springframework/web/servlet/ModelAndView;+7
j  org.springframework.web.servlet.DispatcherServlet.doDispatch(Ljakarta/servlet/http/HttpServletRequest;Ljakarta/servlet/http/HttpServletResponse;)V+304
j  org.springframework.web.servlet.DispatcherServlet.doService(Ljakarta/servlet/http/HttpServletRequest;Ljakarta/servlet/http/HttpServletResponse;)V+242
j  org.springframework.web.servlet.FrameworkServlet.processRequest(Ljakarta/servlet/http/HttpServletRequest;Ljakarta/servlet/http/HttpServletResponse;)V+70
j  org.springframework.web.servlet.FrameworkServlet.doGet(Ljakarta/servlet/http/HttpServletRequest;Ljakarta/servlet/http/HttpServletResponse;)V+3
j  jakarta.servlet.http.HttpServlet.service(Ljakarta/servlet/http/HttpServletRequest;Ljakarta/servlet/http/HttpServletResponse;)V+35
j  org.springframework.web.servlet.FrameworkServlet.service(Ljakarta/servlet/http/HttpServletRequest;Ljakarta/servlet/http/HttpServletResponse;)V+20
j  jakarta.servlet.http.HttpServlet.service(Ljakarta/servlet/ServletRequest;Ljakarta/servlet/ServletResponse;)V+37
j  org.apache.catalina.core.ApplicationFilterChain.internalDoFilter(Ljakarta/servlet/ServletRequest;Ljakarta/servlet/ServletResponse;)V+300
j  org.apache.catalina.core.ApplicationFilterChain.doFilter(Ljakarta/servlet/ServletRequest;Ljakarta/servlet/ServletResponse;)V+99
j  org.apache.tomcat.websocket.server.WsFilter.doFilter(Ljakarta/servlet/ServletRequest;Ljakarta/servlet/ServletResponse;Ljakarta/servlet/FilterChain;)V+21
j  org.apache.catalina.core.ApplicationFilterChain.internalDoFilter(Ljakarta/servlet/ServletRequest;Ljakarta/servlet/ServletResponse;)V+130
j  org.apache.catalina.core.ApplicationFilterChain.doFilter(Ljakarta/servlet/ServletRequest;Ljakarta/servlet/ServletResponse;)V+99
j  org.springframework.web.filter.RequestContextFilter.doFilterInternal(Ljakarta/servlet/http/HttpServletRequest;Ljakarta/servlet/http/HttpServletResponse;Ljakarta/servlet/FilterChain;)V+21
j  org.springframework.web.filter.OncePerRequestFilter.doFilter(Ljakarta/servlet/ServletRequest;Ljakarta/servlet/ServletResponse;Ljakarta/servlet/FilterChain;)V+150
j  org.apache.catalina.core.ApplicationFilterChain.internalDoFilter(Ljakarta/servlet/ServletRequest;Ljakarta/servlet/ServletResponse;)V+130
j  org.apache.catalina.core.ApplicationFilterChain.doFilter(Ljakarta/servlet/ServletRequest;Ljakarta/servlet/ServletResponse;)V+99
j  org.springframework.web.filter.FormContentFilter.doFilterInternal(Ljakarta/servlet/http/HttpServletRequest;Ljakarta/servlet/http/HttpServletResponse;Ljakarta/servlet/FilterChain;)V+38
j  org.springframework.web.filter.OncePerRequestFilter.doFilter(Ljakarta/servlet/ServletRequest;Ljakarta/servlet/ServletResponse;Ljakarta/servlet/FilterChain;)V+150
j  org.apache.catalina.core.ApplicationFilterChain.internalDoFilter(Ljakarta/servlet/ServletRequest;Ljakarta/servlet/ServletResponse;)V+130
j  org.apache.catalina.core.ApplicationFilterChain.doFilter(Ljakarta/servlet/ServletRequest;Ljakarta/servlet/ServletResponse;)V+99
j  org.springframework.web.filter.CharacterEncodingFilter.doFilterInternal(Ljakarta/servlet/http/HttpServletRequest;Ljakarta/servlet/http/HttpServletResponse;Ljakarta/servlet/FilterChain;)V+53
j  org.springframework.web.filter.OncePerRequestFilter.doFilter(Ljakarta/servlet/ServletRequest;Ljakarta/servlet/ServletResponse;Ljakarta/servlet/FilterChain;)V+150
j  org.apache.catalina.core.ApplicationFilterChain.internalDoFilter(Ljakarta/servlet/ServletRequest;Ljakarta/servlet/ServletResponse;)V+130
j  org.apache.catalina.core.ApplicationFilterChain.doFilter(Ljakarta/servlet/ServletRequest;Ljakarta/servlet/ServletResponse;)V+99
j  org.apache.catalina.core.StandardWrapperValve.invoke(Lorg/apache/catalina/connector/Request;Lorg/apache/catalina/connector/Response;)V+511
j  org.apache.catalina.core.StandardContextValve.invoke(Lorg/apache/catalina/connector/Request;Lorg/apache/catalina/connector/Response;)V+169
j  org.apache.catalina.authenticator.AuthenticatorBase.invoke(Lorg/apache/catalina/connector/Request;Lorg/apache/catalina/connector/Response;)V+221
j  org.apache.catalina.core.StandardHostValve.invoke(Lorg/apache/catalina/connector/Request;Lorg/apache/catalina/connector/Response;)V+131
j  org.apache.catalina.valves.ErrorReportValve.invoke(Lorg/apache/catalina/connector/Request;Lorg/apache/catalina/connector/Response;)V+6
j  org.apache.catalina.core.StandardEngineValve.invoke(Lorg/apache/catalina/connector/Request;Lorg/apache/catalina/connector/Response;)V+59
j  org.apache.catalina.connector.CoyoteAdapter.service(Lorg/apache/coyote/Request;Lorg/apache/coyote/Response;)V+188
j  org.apache.coyote.http11.Http11Processor.service(Lorg/apache/tomcat/util/net/SocketWrapperBase;)Lorg/apache/tomcat/util/net/AbstractEndpoint$Handler$SocketState;+796
j  org.apache.coyote.AbstractProcessorLight.process(Lorg/apache/tomcat/util/net/SocketWrapperBase;Lorg/apache/tomcat/util/net/SocketEvent;)Lorg/apache/tomcat/util/net/AbstractEndpoint$Handler$SocketState;+155
j  org.apache.coyote.AbstractProtocol$ConnectionHandler.process(Lorg/apache/tomcat/util/net/SocketWrapperBase;Lorg/apache/tomcat/util/net/SocketEvent;)Lorg/apache/tomcat/util/net/AbstractEndpoint$Handler$SocketState;+477
j  org.apache.tomcat.util.net.NioEndpoint$SocketProcessor.doRun()V+222
j  org.apache.tomcat.util.net.SocketProcessorBase.run()V+32
j  org.apache.tomcat.util.threads.ThreadPoolExecutor.runWorker(Lorg/apache/tomcat/util/threads/ThreadPoolExecutor$Worker;)V+92
j  org.apache.tomcat.util.threads.ThreadPoolExecutor$Worker.run()V+5
j  org.apache.tomcat.util.threads.TaskThread$WrappingRunnable.run()V+4
j  java.lang.Thread.runWith(Ljava/lang/Object;Ljava/lang/Runnable;)V+5 java.base@21.0.3
j  java.lang.Thread.run()V+19 java.base@21.0.3
v  ~StubRoutines::call_stub 0x0000015dc0fe100d

siginfo: EXCEPTION_ACCESS_VIOLATION (0xc0000005), reading address 0x0000015ec6d07f60


Registers:
RAX=0x0000015dc5830000, RBX=0x0000015db88b5fb0, RCX=0x0000000000000000, RDX=0x0000000000000001
RSP=0x00000047568fe0c0, RBP=0x00000047568fe250, RSI=0x0000015e1271f6c0, RDI=0x000000080a6bfb00
R8 =0x0000015ec6d07f60, R9 =0x0000015dcd726ec8, R10=0x0000015dc0fe0000, R11=0x00000047568fe2c8
R12=0x0000015dcd5440f0, R13=0x0000015dcc474a70, R14=0x0000015e1223a580, R15=0x0000000000000000
RIP=0x00007ffebbd4853e, EFLAGS=0x0000000000010246


Register to memory mapping:

RAX=0x0000015dc5830000 points into unknown readable memory: 0x0000000000000001 | 01 00 00 00 00 00 00 00
RBX=0x0000015db88b5fb0 points into unknown readable memory: 0x00007ffebc44d2b8 | b8 d2 44 bc fe 7f 00 00
RCX=0x0 is null
RDX=0x0000000000000001 is an unknown value
RSP=0x00000047568fe0c0 points into unknown readable memory: 0x0000015dc15189c8 | c8 89 51 c1 5d 01 00 00
RBP=0x00000047568fe250 points into unknown readable memory: 0x0000004700000000 | 00 00 00 00 47 00 00 00
RSI=0x0000015e1271f6c0 points into unknown readable memory: 0x00000047552ff410 | 10 f4 2f 55 47 00 00 00
RDI=0x000000080a6bfb00 is an unknown value
R8 =0x0000015ec6d07f60 is an unknown value
R9 =0x0000015dcd726ec8 is pointing into metadata
R10=0x0000015dc0fe0000 points into unknown readable memory: 0x0000000000000006 | 06 00 00 00 00 00 00 00
R11=0x00000047568fe2c8 points into unknown readable memory: 0x00007ffebbd429ad | ad 29 d4 bb fe 7f 00 00
R12=0x0000015dcd5440f0 is pointing into metadata
R13=0x0000015dcc474a70 points into unknown readable memory: 0x0000000000000000 | 00 00 00 00 00 00 00 00
R14=0x0000015e1223a580 points into unknown readable memory: 0xdb01b5032a6e0102 | 02 01 6e 2a 03 b5 01 db
R15=0x0 is null

Top of Stack: (sp=0x00000047568fe0c0)
0x00000047568fe0c0:   0000015dc15189c8 0000015dcdbc2933
0x00000047568fe0d0:   0000015e1271f6c0 00007ffebbd6e192
0x00000047568fe0e0:   0000004757bfd800 00007ffebbd6e229
0x00000047568fe0f0:   0000004757bfd800 00000047568fe420
0x00000047568fe100:   0000000000000010 00007ffebc0e70c9
0x00000047568fe110:   0000015e1271f6c0 00007ffebbd6e192
0x00000047568fe120:   00000047568fe1e0 00000047568fe420
0x00000047568fe130:   00000047568fe420 0000000000000000
0x00000047568fe140:   0000000000000001 00007ffebbd42f5b
0x00000047568fe150:   0000015e1271fc70 0000015dcd0b4438
0x00000047568fe160:   0000015e1271fc70 00000047568fe420
0x00000047568fe170:   0000000a00000001 0000015dcd0b4438
0x00000047568fe180:   0000015e1241e170 0000015d00000003
0x00000047568fe190:   00000000000003d8 0000015dcc474a80
0x00000047568fe1a0:   0000015dcc474e58 0000015dcd72a802
0x00000047568fe1b0:   00000047000000b8 0000015dcd0b4438
0x00000047568fe1c0:   00007ffebc448fa0 00000047568fe420
0x00000047568fe1d0:   0000015e1271fc70 0000000400000003
0x00000047568fe1e0:   0000015dcd5440f0 0000001300000001
0x00000047568fe1f0:   0000000000000043 000000010000000c
0x00000047568fe200:   0000015dcd480090 0000000000000000
0x00000047568fe210:   00000047568fe300 0000012109c60000
0x00000047568fe220:   00000047568fe300 00007ffebbbd3152
0x00000047568fe230:   0000000704e02328 00007ffebbd6e229
0x00000047568fe240:   0000000704e02328 00000006568f0013
0x00000047568fe250:   0000004700000000 0000000000000015
0x00000047568fe260:   0000015e1271f6c0 00007ffebbd6e192
0x00000047568fe270:   0000000000000000 0000000000000003
0x00000047568fe280:   00000d03bc1ca814 00007ffebbbd6bd7
0x00000047568fe290:   0000015e1271fc70 00000000000003d8
0x00000047568fe2a0:   0000015dcc474e58 00000047568fe420
0x00000047568fe2b0:   00000047568ff910 00007ffebc284c70 

Instructions: (pc=0x00007ffebbd4853e)
0x00007ffebbd4843e:   38 f0 4c 01 04 c8 48 c7 42 08 00 00 00 00 44 89
0x00007ffebbd4844e:   12 49 ff 41 58 4c 01 5a 08 e9 4a ff ff ff 49 ff
0x00007ffebbd4845e:   41 50 4c 01 5a 08 e9 3d ff ff ff cc cc cc cc cc
0x00007ffebbd4846e:   cc cc 48 89 5c 24 08 57 48 83 ec 20 48 8b 01 48
0x00007ffebbd4847e:   8b fa 48 8b d9 ff 50 08 4c 8b c8 48 85 c0 74 66
0x00007ffebbd4848e:   4c 8b 40 10 4c 2b 00 48 c7 40 28 00 00 00 00 4c
0x00007ffebbd4849e:   89 43 18 48 8b 50 10 48 8b 48 08 48 8b c7 48 2b
0x00007ffebbd484ae:   ca 48 c1 e9 03 48 3b cf 48 0f 42 c1 48 3b c7 72
0x00007ffebbd484be:   1e 48 8d 04 c2 49 89 41 10 90 ff 43 10 48 8b c2
0x00007ffebbd484ce:   4c 89 4b 08 48 8b 5c 24 30 48 83 c4 20 5f c3 33
0x00007ffebbd484de:   d2 90 ff 43 10 8b c2 4c 89 4b 08 48 8b 5c 24 30
0x00007ffebbd484ee:   48 83 c4 20 5f c3 48 8b 5c 24 30 48 83 c4 20 5f
0x00007ffebbd484fe:   c3 cc 48 89 5c 24 08 57 48 83 ec 20 48 8b 01 48
0x00007ffebbd4850e:   8b fa 48 8b d9 ff 10 48 2b 7b 08 8b 4b 18 48 8b
0x00007ffebbd4851e:   43 20 48 c1 ef 03 48 d3 ef 40 0f b6 cf 48 8b d7
0x00007ffebbd4852e:   48 c1 ea 06 80 e1 3f 4c 8d 04 d0 ba 01 00 00 00
0x00007ffebbd4853e:   49 8b 00 48 d3 e2 48 8b c8 48 0b ca 48 3b c8 74
0x00007ffebbd4854e:   13 90 f0 49 0f b1 08 74 18 48 8b c8 48 0b ca 48
0x00007ffebbd4855e:   3b c8 75 ee 32 c0 48 8b 5c 24 30 48 83 c4 20 5f
0x00007ffebbd4856e:   c3 48 8b 5c 24 30 b0 01 48 83 c4 20 5f c3 cc cc
0x00007ffebbd4857e:   cc cc 48 89 5c 24 08 57 48 83 ec 20 4c 8b 41 30
0x00007ffebbd4858e:   48 8b da 48 8b f9 45 8b 88 80 00 00 00 41 8b 80
0x00007ffebbd4859e:   00 01 00 00 41 8b d1 2b d0 81 e2 ff ff 01 00 81
0x00007ffebbd485ae:   fa fe ff 01 00 73 26 49 8b 80 80 01 00 00 4a 89
0x00007ffebbd485be:   1c c8 41 8d 41 01 25 ff ff 01 00 41 89 80 80 00
0x00007ffebbd485ce:   00 00 48 8b 5c 24 30 48 83 c4 20 5f c3 e8 f0 94
0x00007ffebbd485de:   01 00 48 8b 57 30 44 8b 82 80 00 00 00 8b 82 00
0x00007ffebbd485ee:   01 00 00 41 8b c8 2b c8 81 e1 ff ff 01 00 81 f9
0x00007ffebbd485fe:   fe ff 01 00 73 1a 48 8b 82 80 01 00 00 4a 89 1c
0x00007ffebbd4860e:   c0 41 8d 40 01 25 ff ff 01 00 89 82 80 00 00 00
0x00007ffebbd4861e:   48 8b 5c 24 30 48 83 c4 20 5f c3 cc cc cc cc cc
0x00007ffebbd4862e:   cc cc 48 89 5c 24 08 57 48 83 ec 20 48 8b 79 08 


Stack slot to memory mapping:

stack at sp + 0 slots: 0x0000015dc15189c8 is at entry_point+264 in (nmethod*)0x0000015dc1518710
Compiled method (c1)  224948 1498       1       java.lang.ClassLoader::loadClass (7 bytes)
 total in heap  [0x0000015dc1518710,0x0000015dc1518a20] = 784
 relocation     [0x0000015dc1518870,0x0000015dc15188a8] = 56
 main code      [0x0000015dc15188c0,0x0000015dc1518988] = 200
 stub code      [0x0000015dc1518988,0x0000015dc15189d0] = 72
 metadata       [0x0000015dc15189d0,0x0000015dc15189d8] = 8
 scopes data    [0x0000015dc15189d8,0x0000015dc15189e8] = 16
 scopes pcs     [0x0000015dc15189e8,0x0000015dc1518a18] = 48
 dependencies   [0x0000015dc1518a18,0x0000015dc1518a20] = 8
stack at sp + 1 slots: 0x0000015dcdbc2933 is pointing into metadata
stack at sp + 2 slots: 0x0000015e1271f6c0 points into unknown readable memory: 0x00000047552ff410 | 10 f4 2f 55 47 00 00 00
stack at sp + 3 slots: 0x00007ffebbd6e192 jvm.dll
stack at sp + 4 slots: 0x0000004757bfd800 is pointing into the stack for thread: 0x0000015e1303e4f0
stack at sp + 5 slots: 0x00007ffebbd6e229 jvm.dll
stack at sp + 6 slots: 0x0000004757bfd800 is pointing into the stack for thread: 0x0000015e1303e4f0
stack at sp + 7 slots: 0x00000047568fe420 points into unknown readable memory: 0x0000004757bfd7f8 | f8 d7 bf 57 47 00 00 00


---------------  P R O C E S S  ---------------

Threads class SMR info:
_java_thread_list=0x0000015e122dc7b0, length=24, elements={
0x0000015dcc205f10, 0x0000015dcc2074e0, 0x0000015dcc20c140, 0x0000015dcc20ece0,
0x0000015dcc210530, 0x0000015dcc217230, 0x0000015dcc22a4b0, 0x0000015dcc3661a0,
0x0000015dcc462800, 0x0000015dcc464e90, 0x0000015dcc469520, 0x0000015e1220bfc0,
0x0000015e124e0ed0, 0x0000015e124f6ae0, 0x0000015e124fa170, 0x0000015e1288d090,
0x0000015e128c0300, 0x0000015e12951200, 0x0000015e1303d7d0, 0x0000015e1303e4f0,
0x0000015e1303cab0, 0x0000015e126c7540, 0x0000015e126c8f80, 0x0000015e126c6820
}

Java Threads: ( => current thread )
  0x0000015dcc205f10 JavaThread "Reference Handler"          daemon [_thread_blocked, id=11732, stack(0x0000004755300000,0x0000004755400000) (1024K)]
  0x0000015dcc2074e0 JavaThread "Finalizer"                  daemon [_thread_blocked, id=12732, stack(0x0000004755400000,0x0000004755500000) (1024K)]
  0x0000015dcc20c140 JavaThread "Signal Dispatcher"          daemon [_thread_blocked, id=12492, stack(0x0000004755500000,0x0000004755600000) (1024K)]
  0x0000015dcc20ece0 JavaThread "Attach Listener"            daemon [_thread_blocked, id=2680, stack(0x0000004755600000,0x0000004755700000) (1024K)]
  0x0000015dcc210530 JavaThread "Service Thread"             daemon [_thread_blocked, id=2072, stack(0x0000004755700000,0x0000004755800000) (1024K)]
  0x0000015dcc217230 JavaThread "Monitor Deflation Thread"   daemon [_thread_blocked, id=13036, stack(0x0000004755800000,0x0000004755900000) (1024K)]
  0x0000015dcc22a4b0 JavaThread "C1 CompilerThread0"         daemon [_thread_blocked, id=14832, stack(0x0000004755900000,0x0000004755a00000) (1024K)]
  0x0000015dcc3661a0 JavaThread "Common-Cleaner"             daemon [_thread_blocked, id=4784, stack(0x0000004755a00000,0x0000004755b00000) (1024K)]
  0x0000015dcc462800 JavaThread "JDWP Transport Listener: dt_socket" daemon [_thread_blocked, id=14552, stack(0x0000004755e00000,0x0000004755f00000) (1024K)]
  0x0000015dcc464e90 JavaThread "JDWP Event Helper Thread"   daemon [_thread_blocked, id=12124, stack(0x0000004755f00000,0x0000004756000000) (1024K)]
  0x0000015dcc469520 JavaThread "JDWP Command Reader"        daemon [_thread_in_native, id=4556, stack(0x0000004756000000,0x0000004756100000) (1024K)]
  0x0000015e1220bfc0 JavaThread "Notification Thread"        daemon [_thread_blocked, id=6176, stack(0x0000004756100000,0x0000004756200000) (1024K)]
  0x0000015e124e0ed0 JavaThread "RMI TCP Accept-0"           daemon [_thread_in_native, id=7696, stack(0x0000004756900000,0x0000004756a00000) (1024K)]
  0x0000015e124f6ae0 JavaThread "RMI TCP Accept-51255"       daemon [_thread_in_native, id=8160, stack(0x0000004756a00000,0x0000004756b00000) (1024K)]
  0x0000015e124fa170 JavaThread "RMI TCP Accept-0"           daemon [_thread_in_native, id=14904, stack(0x0000004756b00000,0x0000004756c00000) (1024K)]
  0x0000015e1288d090 JavaThread "RMI Scheduler(0)"           daemon [_thread_blocked, id=8916, stack(0x0000004756d00000,0x0000004756e00000) (1024K)]
  0x0000015e128c0300 JavaThread "JMX server connection timeout 38" daemon [_thread_blocked, id=772, stack(0x0000004756f00000,0x0000004757000000) (1024K)]
  0x0000015e12951200 JavaThread "PostgreSQL-JDBC-Cleaner"    daemon [_thread_blocked, id=12704, stack(0x0000004757700000,0x0000004757800000) (1024K)]
  0x0000015e1303d7d0 JavaThread "Live Reload Server"         daemon [_thread_in_native, id=12096, stack(0x0000004757c00000,0x0000004757d00000) (1024K)]
  0x0000015e1303e4f0 JavaThread "http-nio-8080-exec-1"       daemon [_thread_blocked, id=4572, stack(0x0000004757b00000,0x0000004757c00000) (1024K)]
  0x0000015e1303cab0 JavaThread "http-nio-8080-exec-5"       daemon [_thread_blocked, id=13492, stack(0x0000004758000000,0x0000004758100000) (1024K)]
  0x0000015e126c7540 JavaThread "DestroyJavaVM"                     [_thread_blocked, id=14464, stack(0x0000004754b00000,0x0000004754c00000) (1024K)]
  0x0000015e126c8f80 JavaThread "RMI TCP Connection(idle)"   daemon [_thread_blocked, id=9728, stack(0x0000004758e00000,0x0000004758f00000) (1024K)]
  0x0000015e126c6820 JavaThread "Thread-5"                          [_thread_blocked, id=9924, stack(0x0000004754800000,0x0000004754900000) (1024K)]
Total: 24

Other Threads:
  0x0000015dcc1e6a80 VMThread "VM Thread"                           [id=8988, stack(0x0000004755200000,0x0000004755300000) (1024K)]
  0x0000015dcc1d2da0 WatcherThread "VM Periodic Task Thread"        [id=14228, stack(0x0000004755100000,0x0000004755200000) (1024K)]
  0x0000015db88b59a0 WorkerThread "GC Thread#0"                     [id=15176, stack(0x0000004754c00000,0x0000004754d00000) (1024K)]
  0x0000015e123c8f90 WorkerThread "GC Thread#1"                     [id=8992, stack(0x0000004756200000,0x0000004756300000) (1024K)]
  0x0000015e123c9740 WorkerThread "GC Thread#2"                     [id=11776, stack(0x0000004756300000,0x0000004756400000) (1024K)]
  0x0000015e123c9ef0 WorkerThread "GC Thread#3"                     [id=14004, stack(0x0000004756400000,0x0000004756500000) (1024K)]
  0x0000015e123ca290 WorkerThread "GC Thread#4"                     [id=12672, stack(0x0000004756500000,0x0000004756600000) (1024K)]
  0x0000015e123f54b0 WorkerThread "GC Thread#5"                     [id=15276, stack(0x0000004756600000,0x0000004756700000) (1024K)]
  0x0000015e1241ddd0 WorkerThread "GC Thread#6"                     [id=6392, stack(0x0000004756700000,0x0000004756800000) (1024K)]
=>0x0000015e1241e170 WorkerThread "GC Thread#7"                     [id=3620, stack(0x0000004756800000,0x0000004756900000) (1024K)]
  0x0000015db88c6420 ConcurrentGCThread "G1 Main Marker"            [id=6036, stack(0x0000004754d00000,0x0000004754e00000) (1024K)]
  0x0000015db88c8450 WorkerThread "G1 Conc#0"                       [id=14084, stack(0x0000004754e00000,0x0000004754f00000) (1024K)]
  0x0000015e12a7d000 WorkerThread "G1 Conc#1"                       [id=1000, stack(0x0000004757300000,0x0000004757400000) (1024K)]
  0x0000015dcc0a09e0 ConcurrentGCThread "G1 Refine#0"               [id=6180, stack(0x0000004754f00000,0x0000004755000000) (1024K)]
  0x0000015dcc0a1200 ConcurrentGCThread "G1 Service"                [id=8244, stack(0x0000004755000000,0x0000004755100000) (1024K)]
Total: 15

Threads with active compile tasks:
C1 CompilerThread0   224958 6791  s    1       org.apache.catalina.util.LifecycleBase::setStateInternal (144 bytes)
Total: 1

VM state: at safepoint (normal execution)

VM Mutex/Monitor currently owned by a thread:  ([mutex/lock_event])
[0x00007ffebc6d2128] Threads_lock - owner thread: 0x0000015dcc1e6a80
[0x00007ffebc6d2228] Heap_lock - owner thread: 0x0000015e126c6820

Heap address: 0x0000000704600000, size: 4026 MB, Compressed Oops mode: Zero based, Oop shift amount: 3

CDS archive(s) mapped at: [0x0000015dcd000000-0x0000015dcdc90000-0x0000015dcdc90000), size 13172736, SharedBaseAddress: 0x0000015dcd000000, ArchiveRelocationMode: 1.
Compressed class space mapped at: 0x0000015dce000000-0x0000015e0e000000, reserved size: 1073741824
Narrow klass base: 0x0000015dcd000000, Narrow klass shift: 0, Narrow klass range: 0x100000000

GC Precious Log:
 CardTable entry size: 512
 Card Set container configuration: InlinePtr #cards 4 size 8 Array Of Cards #cards 16 size 48 Howl #buckets 8 coarsen threshold 3686 Howl Bitmap #cards 512 size 80 coarsen threshold 460 Card regions per heap region 1 cards per card region 4096
 CPUs: 8 total, 8 available
 Memory: 16101M
 Large Page Support: Disabled
 NUMA Support: Disabled
 Compressed Oops: Enabled (Zero based)
 Heap Region Size: 2M
 Heap Min Capacity: 8M
 Heap Initial Capacity: 252M
 Heap Max Capacity: 4026M
 Pre-touch: Disabled
 Parallel Workers: 8
 Concurrent Workers: 2
 Concurrent Refinement Workers: 8
 Periodic GC: Disabled

Heap:
 garbage-first heap   total 96256K, used 56180K [0x0000000704600000, 0x0000000800000000)
  region size 2048K, 14 young (28672K), 3 survivors (6144K)
 Metaspace       used 71939K, committed 72768K, reserved 1114112K
  class space    used 10000K, committed 10368K, reserved 1048576K

Heap Regions: E=young(eden), S=young(survivor), O=old, HS=humongous(starts), HC=humongous(continues), CS=collection set, F=free, TAMS=top-at-mark-start, PB=parsable bottom
|   0|0x0000000704600000, 0x0000000704800000, 0x0000000704800000|100%| O|  |TAMS 0x0000000704600000| PB 0x0000000704600000| Untracked 
|   1|0x0000000704800000, 0x0000000704a00000, 0x0000000704a00000|100%| O|  |TAMS 0x0000000704800000| PB 0x0000000704800000| Untracked 
|   2|0x0000000704a00000, 0x0000000704c00000, 0x0000000704c00000|100%| O|  |TAMS 0x0000000704a00000| PB 0x0000000704a00000| Untracked 
|   3|0x0000000704c00000, 0x0000000704e00000, 0x0000000704e00000|100%| O|  |TAMS 0x0000000704c00000| PB 0x0000000704c00000| Untracked 
|   4|0x0000000704e00000, 0x0000000705000000, 0x0000000705000000|100%| O|  |TAMS 0x0000000704e00000| PB 0x0000000704e00000| Untracked 
|   5|0x0000000705000000, 0x0000000705200000, 0x0000000705200000|100%| O|  |TAMS 0x0000000705000000| PB 0x0000000705000000| Untracked 
|   6|0x0000000705200000, 0x0000000705400000, 0x0000000705400000|100%| O|  |TAMS 0x0000000705200000| PB 0x0000000705200000| Untracked 
|   7|0x0000000705400000, 0x0000000705600000, 0x0000000705600000|100%| O|  |TAMS 0x0000000705400000| PB 0x0000000705400000| Untracked 
|   8|0x0000000705600000, 0x0000000705800000, 0x0000000705800000|100%| O|  |TAMS 0x0000000705600000| PB 0x0000000705600000| Untracked 
|   9|0x0000000705800000, 0x0000000705a00000, 0x0000000705a00000|100%| O|  |TAMS 0x0000000705800000| PB 0x0000000705800000| Untracked 
|  10|0x0000000705a00000, 0x0000000705c00000, 0x0000000705c00000|100%| O|  |TAMS 0x0000000705a00000| PB 0x0000000705a00000| Untracked 
|  11|0x0000000705c00000, 0x0000000705e00000, 0x0000000705e00000|100%| O|  |TAMS 0x0000000705c00000| PB 0x0000000705c00000| Untracked 
|  12|0x0000000705e00000, 0x0000000706000000, 0x0000000706000000|100%| O|  |TAMS 0x0000000705e00000| PB 0x0000000705e00000| Untracked 
|  13|0x0000000706000000, 0x0000000706200000, 0x0000000706200000|100%| O|  |TAMS 0x0000000706000000| PB 0x0000000706000000| Untracked 
|  14|0x0000000706200000, 0x0000000706354d70, 0x0000000706400000| 66%| O|  |TAMS 0x0000000706200000| PB 0x0000000706200000| Untracked 
|  15|0x0000000706400000, 0x0000000706400000, 0x0000000706600000|  0%| F|  |TAMS 0x0000000706400000| PB 0x0000000706400000| Untracked 
|  16|0x0000000706600000, 0x0000000706600000, 0x0000000706800000|  0%| F|  |TAMS 0x0000000706600000| PB 0x0000000706600000| Untracked 
|  17|0x0000000706800000, 0x00000007068ad070, 0x0000000706a00000| 33%| S|  |TAMS 0x0000000706800000| PB 0x0000000706800000| Complete 
|  18|0x0000000706a00000, 0x0000000706c00000, 0x0000000706c00000|100%| S|  |TAMS 0x0000000706a00000| PB 0x0000000706a00000| Complete 
|  19|0x0000000706c00000, 0x0000000706e00000, 0x0000000706e00000|100%| S|  |TAMS 0x0000000706c00000| PB 0x0000000706c00000| Complete 
|  20|0x0000000706e00000, 0x0000000706e00000, 0x0000000707000000|  0%| F|  |TAMS 0x0000000706e00000| PB 0x0000000706e00000| Untracked 
|  21|0x0000000707000000, 0x0000000707000000, 0x0000000707200000|  0%| F|  |TAMS 0x0000000707000000| PB 0x0000000707000000| Untracked 
|  22|0x0000000707200000, 0x0000000707200000, 0x0000000707400000|  0%| F|  |TAMS 0x0000000707200000| PB 0x0000000707200000| Untracked 
|  23|0x0000000707400000, 0x0000000707400000, 0x0000000707600000|  0%| F|  |TAMS 0x0000000707400000| PB 0x0000000707400000| Untracked 
|  24|0x0000000707600000, 0x0000000707600000, 0x0000000707800000|  0%| F|  |TAMS 0x0000000707600000| PB 0x0000000707600000| Untracked 
|  25|0x0000000707800000, 0x0000000707800000, 0x0000000707a00000|  0%| F|  |TAMS 0x0000000707800000| PB 0x0000000707800000| Untracked 
|  26|0x0000000707a00000, 0x0000000707a00000, 0x0000000707c00000|  0%| F|  |TAMS 0x0000000707a00000| PB 0x0000000707a00000| Untracked 
|  27|0x0000000707c00000, 0x0000000707c00000, 0x0000000707e00000|  0%| F|  |TAMS 0x0000000707c00000| PB 0x0000000707c00000| Untracked 
|  28|0x0000000707e00000, 0x0000000707e00000, 0x0000000708000000|  0%| F|  |TAMS 0x0000000707e00000| PB 0x0000000707e00000| Untracked 
|  29|0x0000000708000000, 0x0000000708000000, 0x0000000708200000|  0%| F|  |TAMS 0x0000000708000000| PB 0x0000000708000000| Untracked 
|  30|0x0000000708200000, 0x0000000708200000, 0x0000000708400000|  0%| F|  |TAMS 0x0000000708200000| PB 0x0000000708200000| Untracked 
|  31|0x0000000708400000, 0x0000000708400000, 0x0000000708600000|  0%| F|  |TAMS 0x0000000708400000| PB 0x0000000708400000| Untracked 
|  32|0x0000000708600000, 0x0000000708600000, 0x0000000708800000|  0%| F|  |TAMS 0x0000000708600000| PB 0x0000000708600000| Untracked 
|  33|0x0000000708800000, 0x0000000708800000, 0x0000000708a00000|  0%| F|  |TAMS 0x0000000708800000| PB 0x0000000708800000| Untracked 
|  34|0x0000000708a00000, 0x0000000708a00000, 0x0000000708c00000|  0%| F|  |TAMS 0x0000000708a00000| PB 0x0000000708a00000| Untracked 
|  35|0x0000000708c00000, 0x0000000708c00000, 0x0000000708e00000|  0%| F|  |TAMS 0x0000000708c00000| PB 0x0000000708c00000| Untracked 
|  36|0x0000000708e00000, 0x0000000708edb240, 0x0000000709000000| 42%| E|  |TAMS 0x0000000708e00000| PB 0x0000000708e00000| Complete 
|  37|0x0000000709000000, 0x0000000709200000, 0x0000000709200000|100%| E|  |TAMS 0x0000000709000000| PB 0x0000000709000000| Complete 
|  38|0x0000000709200000, 0x0000000709400000, 0x0000000709400000|100%| E|  |TAMS 0x0000000709200000| PB 0x0000000709200000| Complete 
|  39|0x0000000709400000, 0x0000000709600000, 0x0000000709600000|100%| E|  |TAMS 0x0000000709400000| PB 0x0000000709400000| Complete 
|  40|0x0000000709600000, 0x0000000709800000, 0x0000000709800000|100%| E|  |TAMS 0x0000000709600000| PB 0x0000000709600000| Complete 
|  41|0x0000000709800000, 0x0000000709a00000, 0x0000000709a00000|100%| E|  |TAMS 0x0000000709800000| PB 0x0000000709800000| Complete 
|  42|0x0000000709a00000, 0x0000000709c00000, 0x0000000709c00000|100%| E|  |TAMS 0x0000000709a00000| PB 0x0000000709a00000| Complete 
|  43|0x0000000709c00000, 0x0000000709e00000, 0x0000000709e00000|100%| E|  |TAMS 0x0000000709c00000| PB 0x0000000709c00000| Complete 
|  44|0x0000000709e00000, 0x000000070a000000, 0x000000070a000000|100%| E|  |TAMS 0x0000000709e00000| PB 0x0000000709e00000| Complete 
|  45|0x000000070a000000, 0x000000070a200000, 0x000000070a200000|100%| E|  |TAMS 0x000000070a000000| PB 0x000000070a000000| Complete 
| 125|0x0000000714000000, 0x0000000714200000, 0x0000000714200000|100%| E|  |TAMS 0x0000000714000000| PB 0x0000000714000000| Complete 

Card table byte_map: [0x0000015dc5050000,0x0000015dc5830000] _byte_map_base: 0x0000015dc182d000

Marking Bits: (CMBitMap*) 0x0000015db88b5fb0
 Bits: [0x0000015dc5830000, 0x0000015dc9718000)

Polling page: 0x0000015db7040000

Metaspace:

Usage:
  Non-class:     60.49 MB used.
      Class:      9.77 MB used.
       Both:     70.25 MB used.

Virtual space:
  Non-class space:       64.00 MB reserved,      60.94 MB ( 95%) committed,  1 nodes.
      Class space:        1.00 GB reserved,      10.12 MB ( <1%) committed,  1 nodes.
             Both:        1.06 GB reserved,      71.06 MB (  7%) committed. 

Chunk freelists:
   Non-Class:  3.04 MB
       Class:  5.79 MB
        Both:  8.84 MB

MaxMetaspaceSize: unlimited
CompressedClassSpaceSize: 1.00 GB
Initial GC threshold: 21.00 MB
Current GC threshold: 79.62 MB
CDS: on
 - commit_granule_bytes: 65536.
 - commit_granule_words: 8192.
 - virtual_space_node_default_size: 8388608.
 - enlarge_chunks_in_place: 1.
 - use_allocation_guard: 0.


Internal statistics:

num_allocs_failed_limit: 6.
num_arena_births: 1100.
num_arena_deaths: 0.
num_vsnodes_births: 2.
num_vsnodes_deaths: 0.
num_space_committed: 1137.
num_space_uncommitted: 0.
num_chunks_returned_to_freelist: 6.
num_chunks_taken_from_freelist: 3668.
num_chunk_merges: 6.
num_chunk_splits: 2669.
num_chunks_enlarged: 2079.
num_inconsistent_stats: 0.

CodeCache: size=49152Kb used=12649Kb max_used=13522Kb free=36502Kb
 bounds [0x0000015dc0fe0000, 0x0000015dc1d20000, 0x0000015dc3fe0000]
 total_blobs=7452 nmethods=6727 adapters=647
 compilation: enabled
              stopped_count=0, restarted_count=0
 full_count=0

Compilation events (20 events):
Event: 224.850 Thread 0x0000015dcc22a4b0 nmethod 6781 0x0000015dc1182110 code [0x0000015dc11822a0, 0x0000015dc1182368]
Event: 224.851 Thread 0x0000015dcc22a4b0 6782       1       java.lang.invoke.VarHandleByteArrayAsLongs$ArrayHandle::set (39 bytes)
Event: 224.851 Thread 0x0000015dcc22a4b0 nmethod 6782 0x0000015dc1181b10 code [0x0000015dc1181cc0, 0x0000015dc1181ec8]
Event: 224.851 Thread 0x0000015dcc22a4b0 6783       1       jdk.internal.misc.Unsafe::putLongUnaligned (14 bytes)
Event: 224.851 Thread 0x0000015dcc22a4b0 nmethod 6783 0x0000015dc1181790 code [0x0000015dc1181940, 0x0000015dc1181a60]
Event: 224.852 Thread 0x0000015dcc22a4b0 6784       1       jdk.internal.misc.Unsafe::putLongUnaligned (157 bytes)
Event: 224.852 Thread 0x0000015dcc22a4b0 nmethod 6784 0x0000015dc1181190 code [0x0000015dc1181360, 0x0000015dc11816e0]
Event: 224.852 Thread 0x0000015dcc22a4b0 6785       1       java.util.concurrent.CopyOnWriteArrayList::toArray (11 bytes)
Event: 224.852 Thread 0x0000015dcc22a4b0 nmethod 6785 0x0000015dc1180e10 code [0x0000015dc1180fc0, 0x0000015dc11810f8]
Event: 224.852 Thread 0x0000015dcc22a4b0 6786       1       org.apache.catalina.core.StandardContext::getApplicationEventListeners (10 bytes)
Event: 224.852 Thread 0x0000015dcc22a4b0 nmethod 6786 0x0000015dc1180a90 code [0x0000015dc1180c40, 0x0000015dc1180d40]
Event: 224.854 Thread 0x0000015dcc22a4b0 6787       1       java.lang.StackTraceElement::length (13 bytes)
Event: 224.855 Thread 0x0000015dcc22a4b0 nmethod 6787 0x0000015dc1180710 code [0x0000015dc11808a0, 0x0000015dc11809a0]
Event: 224.856 Thread 0x0000015dcc22a4b0 6788       1       java.util.concurrent.locks.ReentrantReadWriteLock::writeLock (5 bytes)
Event: 224.856 Thread 0x0000015dcc22a4b0 nmethod 6788 0x0000015dc1180410 code [0x0000015dc11805a0, 0x0000015dc1180670]
Event: 224.856 Thread 0x0000015dcc22a4b0 6789       1       java.lang.invoke.StringConcatFactory::prepender (67 bytes)
Event: 224.857 Thread 0x0000015dcc22a4b0 nmethod 6789 0x0000015dc117fb10 code [0x0000015dc117fd00, 0x0000015dc11801f0]
Event: 224.857 Thread 0x0000015dcc22a4b0 6790       1       org.apache.juli.logging.DirectJDKLog::isDebugEnabled (11 bytes)
Event: 224.857 Thread 0x0000015dcc22a4b0 nmethod 6790 0x0000015dc117f710 code [0x0000015dc117f8a0, 0x0000015dc117f9b8]
Event: 224.857 Thread 0x0000015dcc22a4b0 6791  s    1       org.apache.catalina.util.LifecycleBase::setStateInternal (144 bytes)

GC Heap History (20 events):
Event: 3.305 GC heap after
{Heap after GC invocations=11 (full 0):
 garbage-first heap   total 81920K, used 20820K [0x0000000704600000, 0x0000000800000000)
  region size 2048K, 1 young (2048K), 1 survivors (2048K)
 Metaspace       used 31513K, committed 32000K, reserved 1114112K
  class space    used 4239K, committed 4480K, reserved 1048576K
}
Event: 3.744 GC heap before
{Heap before GC invocations=11 (full 0):
 garbage-first heap   total 81920K, used 67924K [0x0000000704600000, 0x0000000800000000)
  region size 2048K, 24 young (49152K), 1 survivors (2048K)
 Metaspace       used 36601K, committed 37184K, reserved 1114112K
  class space    used 4838K, committed 5120K, reserved 1048576K
}
Event: 3.747 GC heap after
{Heap after GC invocations=12 (full 0):
 garbage-first heap   total 81920K, used 22217K [0x0000000704600000, 0x0000000800000000)
  region size 2048K, 2 young (4096K), 2 survivors (4096K)
 Metaspace       used 36601K, committed 37184K, reserved 1114112K
  class space    used 4838K, committed 5120K, reserved 1048576K
}
Event: 4.089 GC heap before
{Heap before GC invocations=12 (full 0):
 garbage-first heap   total 81920K, used 67273K [0x0000000704600000, 0x0000000800000000)
  region size 2048K, 24 young (49152K), 2 survivors (4096K)
 Metaspace       used 40413K, committed 41024K, reserved 1114112K
  class space    used 5501K, committed 5760K, reserved 1048576K
}
Event: 4.092 GC heap after
{Heap after GC invocations=13 (full 0):
 garbage-first heap   total 81920K, used 23630K [0x0000000704600000, 0x0000000800000000)
  region size 2048K, 3 young (6144K), 3 survivors (6144K)
 Metaspace       used 40413K, committed 41024K, reserved 1114112K
  class space    used 5501K, committed 5760K, reserved 1048576K
}
Event: 4.436 GC heap before
{Heap before GC invocations=13 (full 0):
 garbage-first heap   total 81920K, used 66638K [0x0000000704600000, 0x0000000800000000)
  region size 2048K, 24 young (49152K), 3 survivors (6144K)
 Metaspace       used 44466K, committed 45056K, reserved 1114112K
  class space    used 6068K, committed 6336K, reserved 1048576K
}
Event: 4.440 GC heap after
{Heap after GC invocations=14 (full 0):
 garbage-first heap   total 81920K, used 24345K [0x0000000704600000, 0x0000000800000000)
  region size 2048K, 2 young (4096K), 2 survivors (4096K)
 Metaspace       used 44466K, committed 45056K, reserved 1114112K
  class space    used 6068K, committed 6336K, reserved 1048576K
}
Event: 4.687 GC heap before
{Heap before GC invocations=14 (full 0):
 garbage-first heap   total 81920K, used 61209K [0x0000000704600000, 0x0000000800000000)
  region size 2048K, 21 young (43008K), 2 survivors (4096K)
 Metaspace       used 48165K, committed 48640K, reserved 1114112K
  class space    used 6502K, committed 6720K, reserved 1048576K
}
Event: 4.691 GC heap after
{Heap after GC invocations=15 (full 0):
 garbage-first heap   total 98304K, used 25017K [0x0000000704600000, 0x0000000800000000)
  region size 2048K, 2 young (4096K), 2 survivors (4096K)
 Metaspace       used 48165K, committed 48640K, reserved 1114112K
  class space    used 6502K, committed 6720K, reserved 1048576K
}
Event: 5.177 GC heap before
{Heap before GC invocations=16 (full 0):
 garbage-first heap   total 96256K, used 78265K [0x0000000704600000, 0x0000000800000000)
  region size 2048K, 28 young (57344K), 2 survivors (4096K)
 Metaspace       used 53065K, committed 53696K, reserved 1114112K
  class space    used 7419K, committed 7680K, reserved 1048576K
}
Event: 5.181 GC heap after
{Heap after GC invocations=17 (full 0):
 garbage-first heap   total 96256K, used 25736K [0x0000000704600000, 0x0000000800000000)
  region size 2048K, 3 young (6144K), 3 survivors (6144K)
 Metaspace       used 53065K, committed 53696K, reserved 1114112K
  class space    used 7419K, committed 7680K, reserved 1048576K
}
Event: 5.596 GC heap before
{Heap before GC invocations=17 (full 0):
 garbage-first heap   total 96256K, used 74888K [0x0000000704600000, 0x0000000800000000)
  region size 2048K, 28 young (57344K), 3 survivors (6144K)
 Metaspace       used 57944K, committed 58496K, reserved 1114112K
  class space    used 8079K, committed 8320K, reserved 1048576K
}
Event: 5.601 GC heap after
{Heap after GC invocations=18 (full 0):
 garbage-first heap   total 96256K, used 27488K [0x0000000704600000, 0x0000000800000000)
  region size 2048K, 3 young (6144K), 3 survivors (6144K)
 Metaspace       used 57944K, committed 58496K, reserved 1114112K
  class space    used 8079K, committed 8320K, reserved 1048576K
}
Event: 6.139 GC heap before
{Heap before GC invocations=18 (full 0):
 garbage-first heap   total 96256K, used 78688K [0x0000000704600000, 0x0000000800000000)
  region size 2048K, 28 young (57344K), 3 survivors (6144K)
 Metaspace       used 61732K, committed 62464K, reserved 1114112K
  class space    used 8609K, committed 8960K, reserved 1048576K
}
Event: 6.145 GC heap after
{Heap after GC invocations=19 (full 0):
 garbage-first heap   total 96256K, used 30189K [0x0000000704600000, 0x0000000800000000)
  region size 2048K, 4 young (8192K), 4 survivors (8192K)
 Metaspace       used 61732K, committed 62464K, reserved 1114112K
  class space    used 8609K, committed 8960K, reserved 1048576K
}
Event: 46.741 GC heap before
{Heap before GC invocations=19 (full 0):
 garbage-first heap   total 96256K, used 77293K [0x0000000704600000, 0x0000000800000000)
  region size 2048K, 28 young (57344K), 4 survivors (8192K)
 Metaspace       used 65584K, committed 66368K, reserved 1114112K
  class space    used 9152K, committed 9536K, reserved 1048576K
}
Event: 46.750 GC heap after
{Heap after GC invocations=20 (full 0):
 garbage-first heap   total 96256K, used 33347K [0x0000000704600000, 0x0000000800000000)
  region size 2048K, 3 young (6144K), 3 survivors (6144K)
 Metaspace       used 65584K, committed 66368K, reserved 1114112K
  class space    used 9152K, committed 9536K, reserved 1048576K
}
Event: 54.102 GC heap before
{Heap before GC invocations=20 (full 0):
 garbage-first heap   total 96256K, used 80451K [0x0000000704600000, 0x0000000800000000)
  region size 2048K, 27 young (55296K), 3 survivors (6144K)
 Metaspace       used 70535K, committed 71360K, reserved 1114112K
  class space    used 9803K, committed 10176K, reserved 1048576K
}
Event: 54.108 GC heap after
{Heap after GC invocations=21 (full 0):
 garbage-first heap   total 96256K, used 34823K [0x0000000704600000, 0x0000000800000000)
  region size 2048K, 3 young (6144K), 3 survivors (6144K)
 Metaspace       used 70535K, committed 71360K, reserved 1114112K
  class space    used 9803K, committed 10176K, reserved 1048576K
}
Event: 224.858 GC heap before
{Heap before GC invocations=21 (full 0):
 garbage-first heap   total 96256K, used 55303K [0x0000000704600000, 0x0000000800000000)
  region size 2048K, 14 young (28672K), 3 survivors (6144K)
 Metaspace       used 71939K, committed 72768K, reserved 1114112K
  class space    used 10000K, committed 10368K, reserved 1048576K
}

Dll operation events (12 events):
Event: 0.033 Loaded shared library C:\pleiades\2024-06\java\21\bin\java.dll
Event: 0.312 Loaded shared library C:\pleiades\2024-06\java\21\bin\zip.dll
Event: 0.317 Loaded shared library C:\pleiades\2024-06\java\21\bin\instrument.dll
Event: 0.321 Loaded shared library C:\pleiades\2024-06\java\21\bin\net.dll
Event: 0.322 Loaded shared library C:\pleiades\2024-06\java\21\bin\nio.dll
Event: 0.325 Loaded shared library C:\pleiades\2024-06\java\21\bin\zip.dll
Event: 0.457 Loaded shared library C:\pleiades\2024-06\java\21\bin\jimage.dll
Event: 0.514 Loaded shared library C:\pleiades\2024-06\java\21\bin\management.dll
Event: 0.524 Loaded shared library C:\pleiades\2024-06\java\21\bin\management_ext.dll
Event: 0.716 Loaded shared library C:\pleiades\2024-06\java\21\bin\verify.dll
Event: 0.821 Loaded shared library C:\pleiades\2024-06\java\21\bin\extnet.dll
Event: 1.816 Loaded shared library C:\pleiades\2024-06\java\21\bin\sunmscapi.dll

Deoptimization events (20 events):
Event: 224.854 Thread 0x0000015e126c6820 DEOPT PACKING pc=0x0000015dc17c56ac sp=0x00000047548fc6d0
Event: 224.854 Thread 0x0000015e126c6820 DEOPT UNPACKING pc=0x0000015dc1034e42 sp=0x00000047548fbc90 mode 1
Event: 224.856 Thread 0x0000015e1294fe50 DEOPT PACKING pc=0x0000015dc118f1cc sp=0x00000047574feab0
Event: 224.856 Thread 0x0000015e1294fe50 DEOPT UNPACKING pc=0x0000015dc1034e42 sp=0x00000047574fe050 mode 1
Event: 224.856 Thread 0x0000015e1294fe50 DEOPT PACKING pc=0x0000015dc119574c sp=0x00000047574fec20
Event: 224.856 Thread 0x0000015e1294fe50 DEOPT UNPACKING pc=0x0000015dc1034e42 sp=0x00000047574fe178 mode 1
Event: 224.856 Thread 0x0000015e1294fe50 DEOPT PACKING pc=0x0000015dc119510c sp=0x00000047574fed50
Event: 224.856 Thread 0x0000015e1294fe50 DEOPT UNPACKING pc=0x0000015dc1034e42 sp=0x00000047574fe1e0 mode 1
Event: 224.856 Thread 0x0000015e1294fe50 DEOPT PACKING pc=0x0000015dc119d19c sp=0x00000047574fed80
Event: 224.856 Thread 0x0000015e1294fe50 DEOPT UNPACKING pc=0x0000015dc1034e42 sp=0x00000047574fe280 mode 1
Event: 224.856 Thread 0x0000015e1294eaa0 DEOPT PACKING pc=0x0000015dc118f1cc sp=0x00000047572fee60
Event: 224.856 Thread 0x0000015e1294eaa0 DEOPT UNPACKING pc=0x0000015dc1034e42 sp=0x00000047572fe400 mode 1
Event: 224.856 Thread 0x0000015e1294f7c0 DEOPT PACKING pc=0x0000015dc11a7db4 sp=0x00000047575ff1c0
Event: 224.856 Thread 0x0000015e1294f7c0 DEOPT UNPACKING pc=0x0000015dc1034e42 sp=0x00000047575fe6a8 mode 1
Event: 224.856 Thread 0x0000015e1294eaa0 DEOPT PACKING pc=0x0000015dc119586c sp=0x00000047572fefd0
Event: 224.857 Thread 0x0000015e1294eaa0 DEOPT UNPACKING pc=0x0000015dc1034e42 sp=0x00000047572fe528 mode 1
Event: 224.857 Thread 0x0000015e1294eaa0 DEOPT PACKING pc=0x0000015dc119510c sp=0x00000047572ff100
Event: 224.857 Thread 0x0000015e1294eaa0 DEOPT UNPACKING pc=0x0000015dc1034e42 sp=0x00000047572fe590 mode 1
Event: 224.857 Thread 0x0000015e1294eaa0 DEOPT PACKING pc=0x0000015dc119d19c sp=0x00000047572ff130
Event: 224.857 Thread 0x0000015e1294eaa0 DEOPT UNPACKING pc=0x0000015dc1034e42 sp=0x00000047572fe630 mode 1

Classes loaded (20 events):
Event: 69.981 Loading class java/util/stream/ReduceOps$6ReducingSink
Event: 69.982 Loading class java/util/stream/ReduceOps$6ReducingSink done
Event: 69.988 Loading class java/lang/Throwable$WrappedPrintWriter
Event: 69.988 Loading class java/lang/Throwable$WrappedPrintWriter done
Event: 70.026 Loading class java/util/stream/LongStream
Event: 70.026 Loading class java/util/stream/LongStream done
Event: 70.026 Loading class java/util/stream/DoubleStream
Event: 70.027 Loading class java/util/stream/DoubleStream done
Event: 187.453 Loading class java/util/concurrent/locks/AbstractQueuedSynchronizer$SharedNode
Event: 187.453 Loading class java/util/concurrent/locks/AbstractQueuedSynchronizer$SharedNode done
Event: 222.518 Loading class java/util/AbstractMap$2
Event: 222.518 Loading class java/util/AbstractMap$2 done
Event: 222.520 Loading class java/util/AbstractMap$2$1
Event: 222.521 Loading class java/util/AbstractMap$2$1 done
Event: 224.851 Loading class java/io/FileOutputStream$1
Event: 224.851 Loading class java/io/FileOutputStream$1 done
Event: 224.855 Loading class java/util/WeakHashMap$KeyIterator
Event: 224.855 Loading class java/util/WeakHashMap$HashIterator
Event: 224.855 Loading class java/util/WeakHashMap$HashIterator done
Event: 224.855 Loading class java/util/WeakHashMap$KeyIterator done

Classes unloaded (0 events):
No events

Classes redefined (0 events):
No events

Internal exceptions (20 events):
Event: 5.674 Thread 0x0000015e12950b70 Exception <a 'java/lang/NoSuchMethodError'{0x0000000709d29198}: 'int java.lang.invoke.DirectMethodHandle$Holder.invokeStaticInit(java.lang.Object, int, java.lang.Object, java.lang.Object, java.lang.Object, java.lang.Object)'> (0x0000000709d29198) 
thrown [s\src\hotspot\share\interpreter\linkResolver.cpp, line 773]
Event: 5.703 Thread 0x0000015e12950b70 Exception <a 'java/lang/NoSuchMethodError'{0x000000070995d6e8}: 'java.lang.Object java.lang.invoke.Invokers$Holder.invoke_MT(java.lang.Object, java.lang.Object, java.lang.Object, java.lang.Object, java.lang.Object, java.lang.Object, java.lang.Object, java.lang.Object, java.lang.Object, java.lang.Object)'> (0x000000070995d6e8) 
thrown [s\src\hotspot\share\interpreter\linkResolver.cpp, line 773]
Event: 5.823 Thread 0x0000015e12950b70 Exception <a 'java/lang/NoSuchMethodError'{0x00000007091d48d0}: 'java.lang.Object java.lang.invoke.DirectMethodHandle$Holder.newInvokeSpecial(java.lang.Object, java.lang.Object, java.lang.Object, java.lang.Object, java.lang.Object, java.lang.Object, java.lang.Object, java.lang.Object)'> (0x00000007091d48d0) 
thrown [s\src\hotspot\share\interpreter\linkResolver.cpp, line 773]
Event: 5.997 Thread 0x0000015e12950b70 Exception <a 'java/lang/IncompatibleClassChangeError'{0x0000000707e075d8}: Found class java.lang.Object, but interface was expected> (0x0000000707e075d8) 
thrown [s\src\hotspot\share\interpreter\linkResolver.cpp, line 840]
Event: 6.035 Thread 0x0000015e12950b70 Exception <a 'java/lang/NoSuchMethodError'{0x0000000707d63b38}: 'void java.lang.invoke.DirectMethodHandle$Holder.invokeVirtual(java.lang.Object, java.lang.Object, long)'> (0x0000000707d63b38) 
thrown [s\src\hotspot\share\interpreter\linkResolver.cpp, line 773]
Event: 6.180 Thread 0x0000015e12950b70 Exception <a 'java/lang/IncompatibleClassChangeError'{0x000000070a0fab58}: Found class java.lang.Object, but interface was expected> (0x000000070a0fab58) 
thrown [s\src\hotspot\share\interpreter\linkResolver.cpp, line 840]
Event: 6.215 Thread 0x0000015e12950b70 Exception <a 'java/lang/NoSuchMethodError'{0x0000000709ceded0}: 'java.lang.Object java.lang.invoke.Invokers$Holder.invoke_MT(java.lang.Object, java.lang.Object, java.lang.Object, java.lang.Object, java.lang.Object, java.lang.Object, java.lang.Object, java.lang.Object, java.lang.Object, java.lang.Object, java.lang.Object)'> (0x0000000709ceded0) 
thrown [s\src\hotspot\share\interpreter\linkResolver.cpp, line 773]
Event: 6.294 Thread 0x0000015e12950b70 Exception <a 'java/lang/NoSuchMethodError'{0x00000007096434f8}: 'java.lang.Object java.lang.invoke.DirectMethodHandle$Holder.newInvokeSpecial(java.lang.Object, java.lang.Object, int, java.lang.Object, java.lang.Object)'> (0x00000007096434f8) 
thrown [s\src\hotspot\share\interpreter\linkResolver.cpp, line 773]
Event: 6.806 Thread 0x0000015e12894bf0 Exception <a 'java/lang/NoSuchMethodError'{0x000000070937cd98}: 'java.lang.Object java.lang.invoke.DirectMethodHandle$Holder.invokeInterface(java.lang.Object, java.lang.Object, java.lang.Object, java.lang.Object, java.lang.Object, java.lang.Object, java.lang.Object)'> (0x000000070937cd98) 
thrown [s\src\hotspot\share\interpreter\linkResolver.cpp, line 773]
Event: 22.633 Thread 0x0000015e126c9ca0 Exception <a 'java/lang/NoSuchMethodError'{0x0000000708e023f8}: 'java.lang.Object java.lang.invoke.DirectMethodHandle$Holder.invokeStatic(java.lang.Object, java.lang.Object, java.lang.Object, int, int)'> (0x0000000708e023f8) 
thrown [s\src\hotspot\share\interpreter\linkResolver.cpp, line 773]
Event: 22.633 Thread 0x0000015e126c9ca0 Exception <a 'java/lang/NoSuchMethodError'{0x0000000708e05b98}: 'java.lang.Object java.lang.invoke.DirectMethodHandle$Holder.invokeStaticInit(java.lang.Object, java.lang.Object, java.lang.Object, int, int)'> (0x0000000708e05b98) 
thrown [s\src\hotspot\share\interpreter\linkResolver.cpp, line 773]
Event: 22.677 Thread 0x0000015e1303e4f0 Exception <a 'java/lang/NoSuchMethodError'{0x0000000708d900b0}: 'java.lang.Object java.lang.invoke.DirectMethodHandle$Holder.invokeSpecial(java.lang.Object, java.lang.Object, java.lang.Object, java.lang.Object, java.lang.Object, long)'> (0x0000000708d900b0) 
thrown [s\src\hotspot\share\interpreter\linkResolver.cpp, line 773]
Event: 22.677 Thread 0x0000015e1303e4f0 Exception <a 'java/lang/NoSuchMethodError'{0x0000000708d93870}: 'java.lang.Object java.lang.invoke.Invokers$Holder.linkToTargetMethod(java.lang.Object, java.lang.Object, java.lang.Object, long, java.lang.Object)'> (0x0000000708d93870) 
thrown [s\src\hotspot\share\interpreter\linkResolver.cpp, line 773]
Event: 53.800 Thread 0x0000015e1303d140 Exception <a 'java/lang/NoSuchMethodError'{0x00000007093a72a0}: 'java.lang.Object java.lang.invoke.DirectMethodHandle$Holder.invokeInterface(java.lang.Object, java.lang.Object, java.lang.Object, java.lang.Object)'> (0x00000007093a72a0) 
thrown [s\src\hotspot\share\interpreter\linkResolver.cpp, line 773]
Event: 53.849 Thread 0x0000015e1303d140 Exception <a 'java/lang/NoSuchMethodError'{0x0000000708d19c88}: 'java.lang.Object java.lang.invoke.DirectMethodHandle$Holder.invokeStatic(java.lang.Object, int, java.lang.Object)'> (0x0000000708d19c88) 
thrown [s\src\hotspot\share\interpreter\linkResolver.cpp, line 773]
Event: 53.912 Thread 0x0000015e1303d140 Exception <a 'java/lang/NoSuchMethodError'{0x00000007086794b8}: 'java.lang.Object java.lang.invoke.DirectMethodHandle$Holder.invokeInterface(java.lang.Object, java.lang.Object, int)'> (0x00000007086794b8) 
thrown [s\src\hotspot\share\interpreter\linkResolver.cpp, line 773]
Event: 54.078 Thread 0x0000015e1303b700 Exception <a 'java/lang/IncompatibleClassChangeError'{0x0000000707643130}: Found class java.lang.Object, but interface was expected> (0x0000000707643130) 
thrown [s\src\hotspot\share\interpreter\linkResolver.cpp, line 840]
Event: 54.131 Thread 0x0000015e1303b700 Exception <a 'java/lang/IncompatibleClassChangeError'{0x000000070a00b0d8}: Found class java.lang.Object, but interface was expected> (0x000000070a00b0d8) 
thrown [s\src\hotspot\share\interpreter\linkResolver.cpp, line 840]
Event: 69.963 Thread 0x0000015e1303de60 Exception <a 'java/lang/NoSuchMethodError'{0x0000000709f1fd38}: 'java.lang.Object java.lang.invoke.DirectMethodHandle$Holder.invokeStatic(java.lang.Object, int, int)'> (0x0000000709f1fd38) 
thrown [s\src\hotspot\share\interpreter\linkResolver.cpp, line 773]
Event: 224.856 Thread 0x0000015e1294f7c0 Exception <a 'java/lang/InterruptedException'{0x0000000708ecbca8}: sleep interrupted> (0x0000000708ecbca8) 
thrown [s\src\hotspot\share\prims\jvm.cpp, line 3074]

ZGC Phase Switch (0 events):
No events

VM Operations (20 events):
Event: 186.361 Executing VM operation: ChangeSingleStep done
Event: 188.370 Executing VM operation: Cleanup
Event: 188.370 Executing VM operation: Cleanup done
Event: 196.415 Executing VM operation: Cleanup
Event: 196.415 Executing VM operation: Cleanup done
Event: 202.462 Executing VM operation: Cleanup
Event: 202.462 Executing VM operation: Cleanup done
Event: 204.479 Executing VM operation: Cleanup
Event: 204.479 Executing VM operation: Cleanup done
Event: 207.501 Executing VM operation: Cleanup
Event: 207.501 Executing VM operation: Cleanup done
Event: 208.506 Executing VM operation: Cleanup
Event: 208.506 Executing VM operation: Cleanup done
Event: 213.526 Executing VM operation: Cleanup
Event: 213.526 Executing VM operation: Cleanup done
Event: 217.539 Executing VM operation: Cleanup
Event: 217.539 Executing VM operation: Cleanup done
Event: 222.561 Executing VM operation: Cleanup
Event: 222.561 Executing VM operation: Cleanup done
Event: 224.858 Executing VM operation: G1CollectFull (System.gc())

Events (20 events):
Event: 187.447 Thread 0x0000015e126c6820 Thread added: 0x0000015e126c6820
Event: 187.447 Thread 0x0000015e1303c420 Thread exited: 0x0000015e1303c420
Event: 187.453 Thread 0x0000015e126ca330 Thread added: 0x0000015e126ca330
Event: 187.465 Thread 0x0000015e126c9ca0 Thread exited: 0x0000015e126c9ca0
Event: 217.492 Thread 0x0000015e126c6eb0 Thread exited: 0x0000015e126c6eb0
Event: 217.494 Thread 0x0000015e1303de60 Thread exited: 0x0000015e1303de60
Event: 217.494 Thread 0x0000015e126c7bd0 Thread exited: 0x0000015e126c7bd0
Event: 217.494 Thread 0x0000015e1303b070 Thread exited: 0x0000015e1303b070
Event: 217.494 Thread 0x0000015e1303bd90 Thread exited: 0x0000015e1303bd90
Event: 217.495 Thread 0x0000015e126c8260 Thread exited: 0x0000015e126c8260
Event: 217.495 Thread 0x0000015e1303b700 Thread exited: 0x0000015e1303b700
Event: 217.495 Thread 0x0000015e1303d140 Thread exited: 0x0000015e1303d140
Event: 217.496 Thread 0x0000015e126c9610 Thread exited: 0x0000015e126c9610
Event: 217.540 Thread 0x0000015e126ca330 Thread exited: 0x0000015e126ca330
Event: 222.529 Thread 0x0000015e126c7bd0 Thread added: 0x0000015e126c7bd0
Event: 222.530 Thread 0x0000015e129504e0 Thread exited: 0x0000015e129504e0
Event: 222.533 Thread 0x0000015e126c7bd0 Thread exited: 0x0000015e126c7bd0
Event: 224.856 Thread 0x0000015e1294fe50 Thread exited: 0x0000015e1294fe50
Event: 224.857 Thread 0x0000015e1294f7c0 Thread exited: 0x0000015e1294f7c0
Event: 224.857 Thread 0x0000015e1294eaa0 Thread exited: 0x0000015e1294eaa0


Dynamic libraries:
0x00007ff636a90000 - 0x00007ff636a9e000 	C:\pleiades\2024-06\java\21\bin\javaw.exe
0x00007fff1f6e0000 - 0x00007fff1f946000 	C:\WINDOWS\SYSTEM32\ntdll.dll
0x00007fff1d550000 - 0x00007fff1d619000 	C:\WINDOWS\System32\KERNEL32.DLL
0x00007fff1cd30000 - 0x00007fff1d0fc000 	C:\WINDOWS\System32\KERNELBASE.dll
0x00007fff1c930000 - 0x00007fff1ca7b000 	C:\WINDOWS\System32\ucrtbase.dll
0x00007fff14f30000 - 0x00007fff14f4b000 	C:\pleiades\2024-06\java\21\bin\VCRUNTIME140.dll
0x00007fff14b70000 - 0x00007fff14b88000 	C:\pleiades\2024-06\java\21\bin\jli.dll
0x00007fff1f3e0000 - 0x00007fff1f5aa000 	C:\WINDOWS\System32\USER32.dll
0x00007fff06cf0000 - 0x00007fff06f8a000 	C:\WINDOWS\WinSxS\amd64_microsoft.windows.common-controls_6595b64144ccf1df_6.0.26100.3912_none_3e07963ce335137e\COMCTL32.dll
0x00007fff1d100000 - 0x00007fff1d127000 	C:\WINDOWS\System32\win32u.dll
0x00007fff1efb0000 - 0x00007fff1f059000 	C:\WINDOWS\System32\msvcrt.dll
0x00007fff1d810000 - 0x00007fff1d83b000 	C:\WINDOWS\System32\GDI32.dll
0x00007fff1d360000 - 0x00007fff1d492000 	C:\WINDOWS\System32\gdi32full.dll
0x00007fff1d130000 - 0x00007fff1d1d3000 	C:\WINDOWS\System32\msvcp_win.dll
0x00007fff1d8a0000 - 0x00007fff1d8d0000 	C:\WINDOWS\System32\IMM32.DLL
0x00007fff15c60000 - 0x00007fff15c6c000 	C:\pleiades\2024-06\java\21\bin\vcruntime140_1.dll
0x00007fff14e40000 - 0x00007fff14ece000 	C:\pleiades\2024-06\java\21\bin\msvcp140.dll
0x00007ffebba30000 - 0x00007ffebc7b2000 	C:\pleiades\2024-06\java\21\bin\server\jvm.dll
0x00007fff1f170000 - 0x00007fff1f222000 	C:\WINDOWS\System32\ADVAPI32.dll
0x00007fff1dac0000 - 0x00007fff1db66000 	C:\WINDOWS\System32\sechost.dll
0x00007fff1e2a0000 - 0x00007fff1e3b6000 	C:\WINDOWS\System32\RPCRT4.dll
0x00007fff1e3c0000 - 0x00007fff1e434000 	C:\WINDOWS\System32\WS2_32.dll
0x00007fff1c6e0000 - 0x00007fff1c73e000 	C:\WINDOWS\SYSTEM32\POWRPROF.dll
0x00007fff0b940000 - 0x00007fff0b976000 	C:\WINDOWS\SYSTEM32\WINMM.dll
0x00007fff10460000 - 0x00007fff1046b000 	C:\WINDOWS\SYSTEM32\VERSION.dll
0x00007fff1c6a0000 - 0x00007fff1c6b4000 	C:\WINDOWS\SYSTEM32\UMPDC.dll
0x00007fff1b5f0000 - 0x00007fff1b60a000 	C:\WINDOWS\SYSTEM32\kernel.appcore.dll
0x00007fff15a10000 - 0x00007fff15a1a000 	C:\pleiades\2024-06\java\21\bin\jimage.dll
0x00007fff1a120000 - 0x00007fff1a361000 	C:\WINDOWS\SYSTEM32\DBGHELP.DLL
0x00007fff1e5f0000 - 0x00007fff1e974000 	C:\WINDOWS\System32\combase.dll
0x00007fff1f2f0000 - 0x00007fff1f3d0000 	C:\WINDOWS\System32\OLEAUT32.dll
0x00007fff08560000 - 0x00007fff08599000 	C:\WINDOWS\SYSTEM32\dbgcore.DLL
0x00007fff1cc00000 - 0x00007fff1cc99000 	C:\WINDOWS\System32\bcryptPrimitives.dll
0x00007fff0e2c0000 - 0x00007fff0e2fc000 	C:\pleiades\2024-06\java\21\bin\jdwp.dll
0x00007fff14b90000 - 0x00007fff14b9f000 	C:\pleiades\2024-06\java\21\bin\instrument.dll
0x00007fff0fe90000 - 0x00007fff0feaf000 	C:\pleiades\2024-06\java\21\bin\java.dll
0x00007fff1db70000 - 0x00007fff1e29d000 	C:\WINDOWS\System32\SHELL32.dll
0x00007fff1d1e0000 - 0x00007fff1d354000 	C:\WINDOWS\System32\wintypes.dll
0x00007fff1a370000 - 0x00007fff1abc6000 	C:\WINDOWS\SYSTEM32\windows.storage.dll
0x00007fff1f070000 - 0x00007fff1f15f000 	C:\WINDOWS\System32\SHCORE.dll
0x00007fff1f630000 - 0x00007fff1f699000 	C:\WINDOWS\System32\shlwapi.dll
0x00007fff1c780000 - 0x00007fff1c7af000 	C:\WINDOWS\SYSTEM32\profapi.dll
0x00007fff0e3d0000 - 0x00007fff0e3db000 	C:\pleiades\2024-06\java\21\bin\dt_socket.dll
0x00007fff1b010000 - 0x00007fff1b043000 	C:\WINDOWS\SYSTEM32\IPHLPAPI.DLL
0x00007fff1bb40000 - 0x00007fff1bbaa000 	C:\WINDOWS\system32\mswsock.dll
0x00007fff1b0a0000 - 0x00007fff1b1c7000 	C:\WINDOWS\SYSTEM32\DNSAPI.dll
0x00007fff1d620000 - 0x00007fff1d62a000 	C:\WINDOWS\System32\NSI.dll
0x00007fff0d850000 - 0x00007fff0d85b000 	C:\Windows\System32\rasadhlp.dll
0x00007fff0f5d0000 - 0x00007fff0f656000 	C:\WINDOWS\System32\fwpuclnt.dll
0x00007fff0fe70000 - 0x00007fff0fe88000 	C:\pleiades\2024-06\java\21\bin\zip.dll
0x00007fff14b60000 - 0x00007fff14b70000 	C:\pleiades\2024-06\java\21\bin\net.dll
0x00007fff10200000 - 0x00007fff1031e000 	C:\WINDOWS\SYSTEM32\WINHTTP.dll
0x00007fff0fe50000 - 0x00007fff0fe66000 	C:\pleiades\2024-06\java\21\bin\nio.dll
0x00007fff14e30000 - 0x00007fff14e3a000 	C:\pleiades\2024-06\java\21\bin\management.dll
0x00007fff14e20000 - 0x00007fff14e2b000 	C:\pleiades\2024-06\java\21\bin\management_ext.dll
0x00007fff1f060000 - 0x00007fff1f068000 	C:\WINDOWS\System32\PSAPI.DLL
0x00007ffefb820000 - 0x00007ffefb838000 	C:\WINDOWS\system32\napinsp.dll
0x00007ffefae00000 - 0x00007ffefae12000 	C:\WINDOWS\System32\winrnr.dll
0x00007ffefbe00000 - 0x00007ffefbe30000 	C:\WINDOWS\system32\nlansp_c.dll
0x00007fff0fd70000 - 0x00007fff0fd86000 	C:\WINDOWS\system32\wshbth.dll
0x00007fff14de0000 - 0x00007fff14df0000 	C:\pleiades\2024-06\java\21\bin\verify.dll
0x00007fff1bf00000 - 0x00007fff1bf1c000 	C:\WINDOWS\SYSTEM32\CRYPTSP.dll
0x00007fff1b550000 - 0x00007fff1b58a000 	C:\WINDOWS\system32\rsaenh.dll
0x00007fff1bbe0000 - 0x00007fff1bc0b000 	C:\WINDOWS\SYSTEM32\USERENV.dll
0x00007fff1c750000 - 0x00007fff1c776000 	C:\WINDOWS\SYSTEM32\bcrypt.dll
0x00007fff1bd70000 - 0x00007fff1bd7c000 	C:\WINDOWS\SYSTEM32\CRYPTBASE.dll
0x00007fff173f0000 - 0x00007fff173f9000 	C:\pleiades\2024-06\java\21\bin\extnet.dll
0x00007fff19420000 - 0x00007fff1942e000 	C:\pleiades\2024-06\java\21\bin\sunmscapi.dll
0x00007fff1ca80000 - 0x00007fff1cbf7000 	C:\WINDOWS\System32\CRYPT32.dll
0x00007fff1c050000 - 0x00007fff1c080000 	C:\WINDOWS\SYSTEM32\ncrypt.dll
0x00007fff1c000000 - 0x00007fff1c03f000 	C:\WINDOWS\SYSTEM32\NTASN1.dll
0x00007ffebca80000 - 0x00007ffebca88000 	C:\WINDOWS\system32\wshunix.dll

dbghelp: loaded successfully - version: 4.0.5 - missing functions: none
symbol engine: initialized successfully - sym options: 0x614 - pdb path: .;C:\pleiades\2024-06\java\21\bin;C:\WINDOWS\SYSTEM32;C:\WINDOWS\WinSxS\amd64_microsoft.windows.common-controls_6595b64144ccf1df_6.0.26100.3912_none_3e07963ce335137e;C:\pleiades\2024-06\java\21\bin\server

VM Arguments:
jvm_args: -XX:+ShowCodeDetailsInExceptionMessages -agentlib:jdwp=transport=dt_socket,suspend=y,address=localhost:51256 -Dcom.sun.management.jmxremote -Dcom.sun.management.jmxremote.port=51255 -Dcom.sun.management.jmxremote.authenticate=false -Dcom.sun.management.jmxremote.ssl=false -Djava.rmi.server.hostname=localhost -Dspring.jmx.enabled=true -Dmanagement.endpoints.jmx.exposure.include=* -Dspring.application.admin.enabled=true -XX:TieredStopAtLevel=1 -Dspring.boot.project.name=personal_dev_9710_momose_kazuki -javaagent:C:\pleiades\2024-06\eclipse\configuration\org.eclipse.osgi\251\0\.cp\lib\javaagent-shaded.jar -Dfile.encoding=UTF-8 -Dstdout.encoding=UTF-8 -Dstderr.encoding=UTF-8 
java_command: com.example.demo.PersonalDev9710MomoseKazukiApplication --spring.output.ansi.enabled=always
java_class_path (initial): C:\pleiades\2024-06\workspace\personal_dev_9710_momose_kazuki\bin\main;C:\Users\student\.gradle\caches\modules-2\files-2.1\org.springframework.boot\spring-boot-starter-data-jpa\3.4.5\c6ef06dfef1b02f3e3f82d67118d3944672e7d49\spring-boot-starter-data-jpa-3.4.5.jar;C:\Users\student\.gradle\caches\modules-2\files-2.1\org.springframework.boot\spring-boot-starter-thymeleaf\3.4.5\6564b6a1c10118e662cb8c776eef27d76c0ff78d\spring-boot-starter-thymeleaf-3.4.5.jar;C:\Users\student\.gradle\caches\modules-2\files-2.1\org.springframework.boot\spring-boot-starter-web\3.4.5\54cb03e8615f0c10cd44b5b7d155af3d0be7d66a\spring-boot-starter-web-3.4.5.jar;C:\Users\student\.gradle\caches\modules-2\files-2.1\org.springframework.boot\spring-boot-starter-jdbc\3.4.5\e361f635454d0694547cc226ece3aa10fde7ff2b\spring-boot-starter-jdbc-3.4.5.jar;C:\Users\student\.gradle\caches\modules-2\files-2.1\org.springframework.boot\spring-boot-starter-json\3.4.5\b7a87d4565c99754e0fcf4da405ebe3ab0870c88\spring-boot-starter-json-3.4.5.jar;C:\Users\student\.gradle\caches\modules-2\files-2.1\org.springframework.boot\spring-boot-starter\3.4.5\3b1cd30bd3be52f5fd0c0934882ec86ed4457646\spring-boot-starter-3.4.5.jar;C:\Users\student\.gradle\caches\modules-2\files-2.1\org.hibernate.orm\hibernate-core\6.6.13.Final\e7f1b2d53e89b9863dca12cd5f1b261ba413415b\hibernate-core-6.6.13.Final.jar;C:\Users\student\.gradle\caches\modules-2\files-2.1\org.springframework.data\spring-data-jpa\3.4.5\40000309bebdc0e4e284211701f039eb5b1fb1a6\spring-data-jpa-3.4.5.jar;C:\Users\student\.gradle\caches\modules-2\files-2.1\org.springframework\spring-aspects\6.2.6\2bb7fe48b4fef28af71be32815200c19ac95f783\spring-aspects-6.2.6.jar;C:\Users\student\.gradle\caches\modules-2\files-2.1\org.thymeleaf\thymeleaf-spring6\3.1.3.RELEASE\4b276ea2bd536a18e44b40ff1d9f4848965ff59c\thymeleaf-spring6-3.1.3.RELEASE.jar;C:\Users\student\.gradle\caches\modules-2\files-2.1\org.springframework.boot\spring-boot-starter-tomcat\3.4.5\d3121e25897969409967675c0c450dd3cad45162\spring-boot-starter-tomcat-3.4.5.jar;C:\Users\student\.gradle\caches\modules-2\files-2.1\org.springframework\spring-webmvc\6.2.6\48c37c417d00b9dc12e344892b206bbbf67f0945\spring-webmvc-6.2.6.jar;C:\Users\student\.gradle\caches\modules-2\files-2.1\org.springframework\spring-web\6.2.6\17a4f806e877a1064a2442fe7545b0036fb9550f\spring-web-6.2.6.jar;C:\Users\student\.gradle\caches\modules-2\files-2.1\org.springframework.boot\spring-boot-autoconfigure\3.4.5\c44ad60865ca1d0b88e576b0355e755ed28aec52\spring-boot-autoconfigure-3.4.5.jar;C:\Users\student\.gradle\caches\modules-2\files-2.1\org.springframework.boot\spring-boot\3.4.5\414fcf9f9e0ccb961243d8f36ef8ad6d4040e745\spring-boot-3.4.5.jar;C:\Users\student\.gradle\caches\modules-2\files-2.1\org.springframework.boot\spring-boot-starter-logging\3.4.5\f4821c3181ef6dfbbc5305ebf5a3ed2c5493ef14\spring-boot-starter-logging-3.4.5.jar;C:\Users\student\.gradle\caches\modules-2\files-2.1\jakarta.annotation\jakarta.annotation-api\2.1.1\48b9bda22b091b1f48b13af03fe36db3be6e1ae3\jakarta.annotation-api-2.1.1.jar;C:\Users\student\.gradle\caches\modules-2\files-2.1\org.springframework\spring-orm\6.2.6\b579360aaab1e52ec95d0538cc3c89fa8689485d\spring-orm-6.2.6.jar;C:\Users\student\.gradle\caches\modules-2\files-2.1\org.springframework\spring-jdbc\6.2.6\529137b0f92d8cfd13876e6aa8df9088246b4755\spring-jdbc-6.2.6.jar;C:\Users\student\.gradle\caches\modules-2\files-2.1\org.springframework.data\spring-data-commons\3.4.5\bad5044a4d2f322ff939247ff448d4322c6b7d5d\spring-data-commons-3.4.5.jar;C:\Users\student\.gradle\caches\modules-2\files-2.1\org.springframework\spring-context\6.2.6\ae08b2ec4a49ab7acb0b5eea7c309363139d54ad\spring-context-6.2.6.jar;C:\Users\student\.gradle\caches\modules-2\files-2.1\org.springframework\spring-aop\6.2.6\ab5502a1e9694f2ecd001ecb1ee1fc46b29cfbd9\spring-aop-6.2.6.jar;C:\Users\student\.gradle\caches\modules-2\files-2.1\org.springframework\spring-tx\6.2.6\fb46b2d651a6c509625bc6e7e38865137f658eca\spring-tx-6.2.6.jar;C:\Users\student\.gradle\caches\modules-2\files-2.1\org.springframework\spring-beans\6.2.6\d43abe3b5765748210c511043b1d4904ca216a9f\spring-beans-6.2.6.jar;C:\Users\student\.gradle\caches\modules-2\files-2.1\org.springframework\spring-expression\6.2.6\d9efc768cfda1d97c8fe769a9d50f936eb7f18e2\spring-expression-6.2.6.jar;C:\Users\student\.gradle\caches\modules-2\files-2.1\org.springframework\spring-core\6.2.6\4639dac5fc46cb6a9f6eb2709decfb90313e0f2c\spring-core-6.2.6.jar;C:\Users\student\.gradle\caches\modules-2\files-2.1\org.yaml\snakeyaml\2.3\936b36210e27320f920536f695cf1af210c44586\snakeyaml-2.3.jar;C:\Users\student\.gradle\caches\modules-2\files-2.1\com.zaxxer\HikariCP\5.1.0\8c96e36c14461fc436bb02b264b96ef3ca5dca8c\HikariCP-5.1.0.jar;C:\Users\student\.gradle\caches\modules-2\files-2.1\jakarta.persistence\jakarta.persistence-api\3.1.0\66901fa1c373c6aff65c13791cc11da72060a8d6\jakarta.persistence-api-3.1.0.jar;C:\Users\student\.gradle\caches\modules-2\files-2.1\jakarta.transaction\jakarta.transaction-api\2.0.1\51a520e3fae406abb84e2e1148e6746ce3f80a1a\jakarta.transaction-api-2.0.1.jar;C:\Users\student\.gradle\caches\modules-2\files-2.1\org.antlr\antlr4-runtime\4.13.0\5a02e48521624faaf5ff4d99afc88b01686af655\antlr4-runtime-4.13.0.jar;C:\Users\student\.gradle\caches\modules-2\files-2.1\org.thymeleaf\thymeleaf\3.1.3.RELEASE\51474f2a90b282ee97dabcd159c7faf24790f373\thymeleaf-3.1.3.RELEASE.jar;C:\Users\student\.gradle\caches\modules-2\files-2.1\ch.qos.logback\logback-classic\1.5.18\fc371f3fc97a639de2d67947cffb7518ec5e3d40\logback-classic-1.5.18.jar;C:\Users\student\.gradle\caches\modules-2\files-2.1\org.apache.logging.log4j\log4j-to-slf4j\2.24.3\da1143e2a2531ee1c2d90baa98eb50a28a39d5a7\log4j-to-slf4j-2.24.3.jar;C:\Users\student\.gradle\caches\modules-2\files-2.1\org.slf4j\jul-to-slf4j\2.0.17\524cb6ccc2b68a57604750e1ab8b13b5a786a6aa\jul-to-slf4j-2.0.17.jar;C:\Users\student\.gradle\caches\modules-2\files-2.1\org.slf4j\slf4j-api\2.0.17\d9e58ac9c7779ba3bf8142aff6c830617a7fe60f\slf4j-api-2.0.17.jar;C:\Users\student\.gradle\caches\modules-2\files-2.1\org.aspectj\aspectjweaver\1.9.24\9b5aeb0cea9f958b9c57fb80e62996e95a3e9379\aspectjweaver-1.9.24.jar;C:\Users\student\.gradle\caches\modules-2\files-2.1\com.fasterxml.jackson.datatype\jackson-datatype-jsr310\2.18.3\cc57924cccf42fc852081c36215272f84ffcd991\jackson-datatype-jsr310-2.18.3.jar;C:\Users\student\.gradle\caches\modules-2\files-2.1\com.fasterxml.jackson.module\jackson-module-parameter-names\2.18.3\fa63ae5eb3956b1a6d7a7ead2b513af89dea22e7\jackson-module-parameter-names-2.18.3.jar;C:\Users\student\.gradle\caches\modules-2\files-2.1\com.fasterxml.jackson.core\jackson-annotations\2.18.3\7fa21cf7da4598f8240e4ebd9779249622af1acd\jackson-annotations-2.18.3.jar;C:\Users\student\.gradle\caches\modules-2\files-2.1\com.fasterxml.jackson.core\jackson-core\2.18.3\78f80c259268200e588aa204dd97ecf09b76916e\jackson-core-2.18.3.jar;C:\Users\student\.gradle\caches\modules-2\files-2.1\com.fasterxml.jackson.datatype\jackson-datatype-jdk8\2.18.3\621558295660935134b171ce2b0d9ad6842ec2ff\jackson-datatype-jdk8-2.18.3.jar;C:\Users\student\.gradle\caches\modules-2\files-2.1\com.fasterxml.jackson.core\jackson-databind\2.18.3\537e3886263e3b3464385040453e92567fd509e2\jackson-databind-2.18.3.jar;C:\Users\student\.gradle\caches\modules-2\files-2.1\org.apache.tomcat.embed\tomcat-embed-websocket\10.1.40\ffdcf96aa28e77858644f4db100e8de896ba58e3\tomcat-embed-websocket-10.1.40.jar;C:\Users\student\.gradle\caches\modules-2\files-2.1\org.apache.tomcat.embed\tomcat-embed-core\10.1.40\fc1c09b726336dc6f7dde0408cebb1a56a3a28d3\tomcat-embed-core-10.1.40.jar;C:\Users\student\.gradle\caches\modules-2\files-2.1\org.apache.tomcat.embed\tomcat-embed-el\10.1.40\1b321790508c1d410689b4f496dae18a97fa6ae9\tomcat-embed-el-10.1.40.jar;C:\Users\student\.gradle\caches\modules-2\files-2.1\io.micrometer\micrometer-observation\1.14.6\3ba55114eb3f2b33431ce6cf80c6114cf2b21c9\micrometer-observation-1.14.6.jar;C:\Users\student\.gradle\caches\modules-2\files-2.1\org.springframework\spring-jcl\6.2.6\f4468f33de0015179abb6055964801bc962f8d51\spring-jcl-6.2.6.jar;C:\Users\student\.gradle\caches\modules-2\files-2.1\org.attoparser\attoparser\2.0.7.RELEASE\e5d0e988d9124139d645bb5872b24dfa23e283cc\attoparser-2.0.7.RELEASE.jar;C:\Users\student\.gradle\caches\modules-2\files-2.1\org.unbescape\unbescape\1.1.6.RELEASE\7b90360afb2b860e09e8347112800d12c12b2a13\unbescape-1.1.6.RELEASE.jar;C:\Users\student\.gradle\caches\modules-2\files-2.1\io.micrometer\micrometer-commons\1.14.6\1a6595762c77bd8401cf51aa11bac8e4fa747545\micrometer-commons-1.14.6.jar;C:\Users\student\.gradle\caches\modules-2\files-2.1\ch.qos.logback\logback-core\1.5.18\6c0375624f6f36b4e089e2488ba21334a11ef13f\logback-core-1.5.18.jar;C:\Users\student\.gradle\caches\modules-2\files-2.1\org.apache.logging.log4j\log4j-api\2.24.3\b02c125db8b6d295adf72ae6e71af5d83bce2370\log4j-api-2.24.3.jar;C:\Users\student\.gradle\caches\modules-2\files-2.1\org.springframework.boot\spring-boot-devtools\3.4.5\e550ba7011bb36dde3cafb1d1d88b655657bf2e2\spring-boot-devtools-3.4.5.jar;C:\Users\student\.gradle\caches\modules-2\files-2.1\org.postgresql\postgresql\42.7.5\747897987b86c741fb8b56f6b81929ae1e6e4b46\postgresql-42.7.5.jar;C:\Users\student\.gradle\caches\modules-2\files-2.1\org.checkerframework\checker-qual\3.48.3\c48effe7d78de3cf5e8a98c614281ec6a2466a77\checker-qual-3.48.3.jar;C:\Users\student\.gradle\caches\modules-2\files-2.1\org.jboss.logging\jboss-logging\3.6.1.Final\886afbb445b4016a37c8960a7aef6ebd769ce7e5\jboss-logging-3.6.1.Final.jar;C:\Users\student\.gradle\caches\modules-2\files-2.1\org.hibernate.common\hibernate-commons-annotations\7.0.3.Final\e183c4be8bb41d12e9f19b374e00c34a0a85f439\hibernate-commons-annotations-7.0.3.Final.jar;C:\Users\student\.gradle\caches\modules-2\files-2.1\io.smallrye\jandex\3.2.0\f17ad860f62a08487b9edabde608f8ac55c62fa7\jandex-3.2.0.jar;C:\Users\student\.gradle\caches\modules-2\files-2.1\com.fasterxml\classmate\1.7.0\e98374da1f2143ac8e6e0a95036994bb19137a3\classmate-1.7.0.jar;C:\Users\student\.gradle\caches\modules-2\files-2.1\net.bytebuddy\byte-buddy\1.15.11\f61886478e0f9ee4c21d09574736f0ff45e0a46c\byte-buddy-1.15.11.jar;C:\Users\student\.gradle\caches\modules-2\files-2.1\org.glassfish.jaxb\jaxb-runtime\4.0.5\ca84c2a7169b5293e232b9d00d1e4e36d4c3914a\jaxb-runtime-4.0.5.jar;C:\Users\student\.gradle\caches\modules-2\files-2.1\org.glassfish.jaxb\jaxb-core\4.0.5\7b4b11ea5542eea4ad55e1080b23be436795b3\jaxb-core-4.0.5.jar;C:\Users\student\.gradle\caches\modules-2\files-2.1\jakarta.xml.bind\jakarta.xml.bind-api\4.0.2\6cd5a999b834b63238005b7144136379dc36cad2\jakarta.xml.bind-api-4.0.2.jar;C:\Users\student\.gradle\caches\modules-2\files-2.1\jakarta.inject\jakarta.inject-api\2.0.1\4c28afe1991a941d7702fe1362c365f0a8641d1e\jakarta.inject-api-2.0.1.jar;C:\Users\student\.gradle\caches\modules-2\files-2.1\org.eclipse.angus\angus-activation\2.0.2\41f1e0ddd157c856926ed149ab837d110955a9fc\angus-activation-2.0.2.jar;C:\Users\student\.gradle\caches\modules-2\files-2.1\jakarta.activation\jakarta.activation-api\2.1.3\fa165bd70cda600368eee31555222776a46b881f\jakarta.activation-api-2.1.3.jar;C:\Users\student\.gradle\caches\modules-2\files-2.1\org.glassfish.jaxb\txw2\4.0.5\f36a4ef12120a9bb06d766d6a0e54b144fd7ed98\txw2-4.0.5.jar;C:\Users\student\.gradle\caches\modules-2\files-2.1\com.sun.istack\istack-commons-runtime\4.1.2\18ec117c85f3ba0ac65409136afa8e42bc74e739\istack-commons-runtime-4.1.2.jar
Launcher Type: SUN_STANDARD

[Global flags]
     intx CICompilerCount                          = 4                                         {product} {ergonomic}
     uint ConcGCThreads                            = 2                                         {product} {ergonomic}
     uint G1ConcRefinementThreads                  = 8                                         {product} {ergonomic}
   size_t G1HeapRegionSize                         = 2097152                                   {product} {ergonomic}
    uintx GCDrainStackTargetSize                   = 64                                        {product} {ergonomic}
   size_t InitialHeapSize                          = 264241152                                 {product} {ergonomic}
     bool ManagementServer                         = true                                      {product} {command line}
   size_t MarkStackSize                            = 4194304                                   {product} {ergonomic}
   size_t MaxHeapSize                              = 4221566976                                {product} {ergonomic}
   size_t MaxNewSize                               = 2531262464                                {product} {ergonomic}
   size_t MinHeapDeltaBytes                        = 2097152                                   {product} {ergonomic}
   size_t MinHeapSize                              = 8388608                                   {product} {ergonomic}
    uintx NonNMethodCodeHeapSize                   = 4096                                   {pd product} {ergonomic}
    uintx NonProfiledCodeHeapSize                  = 0                                      {pd product} {ergonomic}
     bool ProfileInterpreter                       = false                                  {pd product} {command line}
    uintx ProfiledCodeHeapSize                     = 0                                      {pd product} {ergonomic}
     bool ShowCodeDetailsInExceptionMessages       = true                                   {manageable} {command line}
   size_t SoftMaxHeapSize                          = 4221566976                             {manageable} {ergonomic}
     intx TieredStopAtLevel                        = 1                                         {product} {command line}
     bool UseCompressedOops                        = true                           {product lp64_product} {ergonomic}
     bool UseG1GC                                  = true                                      {product} {ergonomic}
     bool UseLargePagesIndividualAllocation        = false                                  {pd product} {ergonomic}

Logging:
Log output configuration:
 #0: stdout all=warning uptime,level,tags foldmultilines=false
 #1: stderr all=off uptime,level,tags foldmultilines=false

Environment Variables:
PATH=C:/pleiades/2024-06/java/21/bin/server;C:/pleiades/2024-06/java/21/bin;C:\WINDOWS\system32;C:\WINDOWS;C:\WINDOWS\System32\Wbem;C:\WINDOWS\System32\WindowsPowerShell\v1.0\;C:\WINDOWS\System32\OpenSSH\;C:\Program Files\Git\cmd;C:\Program Files (x86)\Microsoft SQL Server\160\Tools\Binn\;C:\Program Files\Microsoft SQL Server\160\Tools\Binn\;C:\Program Files\Microsoft SQL Server\Client SDK\ODBC\170\Tools\Binn\;C:\Program Files\Microsoft SQL Server\160\DTS\Binn\;C:\Program Files (x86)\Microsoft SQL Server\160\DTS\Binn\;C:\Program Files\Microsoft SQL Server\150\Tools\Binn\;C:\Program Files\dotnet\;C:\Program Files\PostgreSQL\16\bin;C:\Users\student\AppData\Local\Programs\Eclipse Adoptium\jdk-21.0.5.11-hotspot\bin;C:\Ruby33-x64\bin;C:\Users\student\AppData\Local\Programs\Python\Python312\Scripts\;C:\Users\student\AppData\Local\Programs\Python\Python312\;C:\Users\student\AppData\Local\Microsoft\WindowsApps;C:\Users\student\AppData\Local\Programs\Microsoft VS Code\bin;C:\Users\student\.dotnet\tools;;C:\pleiades\2024-06\eclipse;
USERNAME=student
OS=Windows_NT
PROCESSOR_IDENTIFIER=Intel64 Family 6 Model 142 Stepping 12, GenuineIntel
TMP=C:\Users\student\AppData\Local\Temp
TEMP=C:\Users\student\AppData\Local\Temp




Periodic native trim disabled

---------------  S Y S T E M  ---------------

OS:
 Windows 11 , 64 bit Build 26100 (10.0.26100.3912)
OS uptime: 0 days 14:35 hours
Hyper-V role detected

CPU: total 8 (initial active 8) (4 cores per cpu, 2 threads per core) family 6 model 142 stepping 12 microcode 0xfc, cx8, cmov, fxsr, ht, mmx, 3dnowpref, sse, sse2, sse3, ssse3, sse4.1, sse4.2, popcnt, lzcnt, tsc, tscinvbit, avx, avx2, aes, erms, clmul, bmi1, bmi2, adx, fma, vzeroupper, clflush, clflushopt, hv, rdtscp, f16c
Processor Information for all 8 processors :
  Max Mhz: 2112, Current Mhz: 1609, Mhz Limit: 1605

Memory: 4k page, system-wide physical 16101M (8028M free)
TotalPageFile size 17125M (AvailPageFile size 5626M)
current process WorkingSet (physical memory assigned to process): 268M, peak: 268M
current process commit charge ("private bytes"): 317M, peak: 373M

vm_info: OpenJDK 64-Bit Server VM (21.0.3+9-LTS) for windows-amd64 JRE (21.0.3+9-LTS), built on 2024-04-16T00:00:00Z by "admin" with MS VC++ 17.7 (VS2022)

END.
